14:06:41.915 > ster !!
14:06:41.915 > send, data[0] : 0x81,	 data[1] : 0x00
14:06:41.915 > recv, data[0] : 0x00,	 data[1] : 0x00
14:06:41.915 > readRegister !!
14:06:41.915 > send, data[0] : 0x81,	 data[1] : 0x00
14:06:41.915 > recv, data[0] : 0x00,	 data[1] : 0x00
14:06:41.915 > readRegister !!
14:06:41.915 > send, data[0] : 0x81,	 data[1] : 0x00
14:06:41.915 > recv, data[0] : 0x00,	 data[1] : 0x00
14:06:41.915 > readRegister !!
14:06:41.916 > send, data[0] : 0x81,	 data[1] : 0x00
14:06:41.916 > recv, data[0] : 0x00,	 data[1] : 0x00
14:06:41.916 > readRegister !!
14:06:41.916 > send, data[0] : 0x81,	 data[1] : 0x00
14:06:41.916 > recv, data[0] : 0x00,	 data[1] : 0x00
14:06:41.916 > readRegister !!
14:06:41.916 > send, data[0] : 0x81,	 data[1] : 0x00
14:06:41.916 > recv, data[0] : 0x00,	 data[1] : <DAPLink:Overflow>
14:06:41.923 > readRegister !!
14:06:41.924 > send, data[0] : 0x81,	 data[1] : 0x00
14:06:41.928 > recv, data[0] : 0x00,	 data[1] : 0x00
14:06:41.980 > read_cnt from SDO : 0
14:06:41.982 > readRegister !!
14:06:41.984 > send, data[0] : 0x81,	 data[1] : 0x00
14:06:41.987 > recv, data[0] : 0x00,	 data[1] : 0x00
14:06:42.040 > readRegister !!
14:06:42.041 > send, data[0] : 0x81,	 data[1] : 0x00
14:06:42.044 > recv, data[0] : 0x00,	 data[1] : 0x00
14:06:42.097 > readRegister !!
14:06:42.098 > send, data[0] : 0x81,	 data[1] : 0x00
14:06:42.102 > recv, data[0] : 0x00,	 data[1] : 0x00
14:06:42.154 > readRegister !!
14:06:42.155 > send, data[0] : 0x81,	 data[1] : 0x00
14:06:42.159 > recv, data[0] : 0x00,	 data[1] : 0x00
14:06:42.211 > readRegister !!
14:06:42.213 > send, data[0] : 0x81,	 data[1] : 0x00
14:06:42.216 > recv, data[0] : 0x00,	 data[1] : 0x00
14:06:42.269 > readRegister !!
14:06:42.270 > send, data[0] : 0x81,	 data[1] : 0x00
14:06:42.273 > recv, data[0] : 0x00,	 data[1] : 0x00
14:06:42.326 > readRegister !!
14:06:42.327 > send, data[0] : 0x81,	 data[1] : 0x00
14:06:42.330 > recv, data[0] : 0x00,	 data[1] : 0x00
14:06:42.383 > readRegister !!
14:06:42.384 > send, data[0] : 0x81,	 data[1] : 0x00
14:06:42.388 > recv, data[0] : 0x00,	 data[1] : 0x00
14:06:42.440 > readRegister !!
14:06:42.442 > send, data[0] : 0x81,	 data[1] : 0x00
14:06:42.445 > recv, data[0] : 0x00,	 data[1] : 0x00
14:06:42.498 > readRegister !!
14:06:42.499 > send, data[0] : 0x81,	 data[1] : 0x00
14:06:42.502 > recv, data[0] : 0x00,	 data[1] : 0x00
14:06:42.555 > readRegister !!
14:06:42.556 > send, data[0] : 0x81,	 data[1] : 0x00
14:06:42.560 > recv, data[0] : 0x00,	 data[1] : 0x00
14:06:42.612 > readRegister !!
14:06:42.613 > send, data[0] : 0x81,	 data[1] : 0x00
14:06:42.617 > recv, data[0] : 0x00,	 data[1] : 0x00
14:06:42.669 > readRegister !!
14:06:42.671 > send, data[0] : 0x81,	 data[1] : 0x00
14:06:42.674 > recv, data[0] : 0x00,	 data[1] : 0x00
14:06:42.727 > readRegister !!
14:06:42.728 > send, data[0] : 0x81,	 data[1] : 0x00
14:06:42.731 > recv, data[0] : 0x00,	 data[1] : 0x00
14:06:42.784 > readRegister !!
14:06:42.785 > send, data[0] : 0x81,	 data[1] : 0x00
14:06:42.789 > recv, data[0] : 0x00,	 data[1] : 0x00
14:06:42.841 > readRegister !!
14:06:42.843 > send, data[0] : 0x81,	 data[1] : 0x00
14:06:42.846 > recv, data[0] : 0x00,	 data[1] : 0x00
14:06:42.898 > readRegister !!
14:06:42.900 > send, data[0] : 0x81,	 data[1] : 0x00
14:06:42.903 > recv, data[0] : 0x00,	 data[1] : 0x00
14:06:42.956 > readRegister !!
14:06:42.957 > send, data[0] : 0x81,	 data[1] : 0x00
14:06:42.960 > recv, data[0] : 0x00,	 data[1] : 0x00
14:06:43.013 > readRegister !!
14:06:43.014 > send, data[0] : 0x81,	 data[1] : 0x00
14:06:43.018 > recv, data[0] : 0x00,	 data[1] : 0x00
14:06:43.070 > readRegister !!
14:06:43.072 > send, data[0] : 0x81,	 data[1] : 0x00
14:06:43.075 > recv, data[0] : 0x00,	 data[1] : 0x00
14:06:43.127 > pData[ 0] : 0x00
14:06:43.129 > pData[ 1] : 0x00
14:06:43.131 > pData[ 2] : 0x00
14:06:43.132 > pData[ 3] : 0x00
14:06:43.135 > pData[ 4] : 0x00
14:06:43.135 > pData[ 5] : 0x00
14:06:43.137 > pData[ 6] : 0x00
14:06:43.138 > pData[ 7] : 0x00
14:06:43.140 > pData[ 8] : 0x00
14:06:43.141 > pData[ 9] : 0x00
14:06:43.143 > pData[10] : 0x00
14:06:43.144 > pData[11] : 0x00
14:06:43.146 > pData[12] : 0x00
14:06:43.147 > pData[13] : 0x00
14:06:43.149 > pData[14] : 0x00
14:06:43.151 > pData[15] : 0x00
14:06:43.152 > pData[16] : 0x00
14:06:43.154 > pData[17] : 0x00
14:06:43.155 > pData[18] : 0x00
14:06:43.157 > pData[19] : 0x00
14:06:43.158 > 
14:06:43.158 > Serial_Write, buf : Messung
14:06:43.161 > Serial_Write, buf : 0
14:06:43.261 > send, data[0] : 0x01,	 data[1] : 0x14
14:06:43.264 > recv, data[0] : 0x00,	 data[1] : 0x00
14:06:43.316 > send, data[0] : 0x01,	 data[1] : 0x02
14:06:43.319 > recv, data[0] : 0x00,	 data[1] : 0x00
14:06:43.371 > send, data[0] : 0x01,	 data[1] : 0x80
14:06:43.375 > recv, data[0] : 0x00,	 data[1] : 0x00
14:06:43.427 > send, data[0] : 0x01,	 data[1] : 0xad
14:06:43.430 > recv, data[0] : 0x00,	 data[1] : 0x00
14:06:43.482 > send, data[0] : 0x07,	 data[1] : 0x01
14:06:43.485 > recv, data[0] : 0x00,	 data[1] : 0x00
14:06:43.547 > readRegister !!
14:06:43.549 > send, data[0] : 0x81,	 data[1] : 0x00
14:06:43.552 > recv, data[0] : 0x00,	 data[1] : 0x00
14:06:43.604 > read_cnt from SDO : 0
14:06:43.606 > readRegister !!
14:06:43.608 > send, data[0] : 0x81,	 data[1] : 0x00
14:06:43.611 > recv, data[0] : 0x00,	 data[1] : 0x00
14:06:43.664 > readRegister !!
14:06:43.665 > send, data[0] : 0x81,	 data[1] : 0x00
14:06:43.668 > recv, data[0] : 0x00,	 data[1] : 0x00
14:06:43.721 > readRegister !!
14:06:43.722 > send, data[0] : 0x81,	 data[1] : 0x00
14:06:43.726 > recv, data[0] : 0x00,	 data[1] : 0x00
14:06:43.778 > readRegister !!
14:06:43.780 > send, data[0] : 0x81,	 data[1] : 0x00
14:06:43.783 > recv, data[0] : 0x00,	 data[1] : 0x00
14:06:43.835 > readRegister !!
14:06:43.837 > send, data[0] : 0x81,	 data[1] : 0x00
14:06:43.840 > recv, data[0] : 0x00,	 data[1] : 0x00
14:06:43.893 > readRegister !!
14:06:43.894 > send, data[0] : 0x81,	 data[1] : 0x00
14:06:43.897 > recv, data[0] : 0x00,	 data[1] : 0x00
14:06:43.950 > readRegister !!
14:06:43.951 > send, data[0] : 0x81,	 data[1] : 0x00
14:06:43.955 > recv, data[0] : 0x00,	 data[1] : 0x00
14:06:44.007 > readRegister !!
14:06:44.009 > send, data[0] : 0x81,	 data[1] : 0x00
14:06:44.012 > recv, data[0] : 0x00,	 data[1] : 0x00
14:06:44.065 > readRegister !!
14:06:44.066 > send, data[0] : 0x81,	 data[1] : 0x00
14:06:44.069 > recv, data[0] : 0x00,	 data[1] : 0x00
14:06:44.122 > readRegister !!
14:06:44.123 > send, data[0] : 0x81,	 data[1] : 0x00
14:06:44.127 > recv, data[0] : 0x00,	 data[1] : 0x00
14:06:44.179 > readRegister !!
14:06:44.180 > send, data[0] : 0x81,	 data[1] : 0x00
14:06:44.184 > recv, data[0] : 0x00,	 data[1] : 0x00
14:06:44.236 > readRegister !!
14:06:44.238 > send, data[0] : 0x81,	 data[1] : 0x00
14:06:44.241 > recv, data[0] : 0x00,	 data[1] : 0x00
14:06:44.294 > readRegister !!
14:06:44.295 > send, data[0] : 0x81,	 data[1] : 0x00
14:06:44.298 > recv, data[0] : 0x00,	 data[1] : 0x00
14:06:44.351 > readRegister !!
14:06:44.352 > send, data[0] : 0x81,	 data[1] : 0x00
14:06:44.357 > recv, data[0] : 0x00,	 data[1] : 0x00
14:06:44.408 > readRegister !!
14:06:44.410 > send, data[0] : 0x81,	 data[1] : 0x00
14:06:44.413 > recv, data[0] : 0x00,	 data[1] : 0x00
14:06:44.465 > readRegister !!
14:06:44.467 > send, data[0] : 0x81,	 data[1] : 0x00
14:06:44.470 > recv, data[0] : 0x00,	 data[1] : 0x00
14:06:44.523 > readRegister !!
14:06:44.524 > send, data[0] : 0x81,	 data[1] : 0x00
14:06:44.527 > recv, data[0] : 0x00,	 data[1] : 0x00
14:06:44.580 > readRegister !!
14:06:44.581 > send, data[0] : 0x81,	 data[1] : 0x00
14:06:44.585 > recv, data[0] : 0x00,	 data[1] : 0x00
14:06:44.637 > readRegister !!
14:06:44.639 > send, data[0] : 0x81,	 data[1] : 0x00
14:06:44.642 > recv, data[0] : 0x00,	 data[1] : 0x00
14:06:44.695 > readRegister !!
14:06:44.696 > send, data[0] : 0x81,	 data[1] : 0x00
14:06:44.699 > recv, data[0] : 0x00,	 data[1] : 0x00
14:06:44.752 > pData[ 0] : 0x00
14:06:44.753 > pData[ 1] : 0x00
14:06:44.755 > pData[ 2] : 0x00
14:06:44.756 > pData[ 3] : 0x00
14:06:44.758 > pData[ 4] : 0x00
14:06:44.760 > pData[ 5] : 0x00
14:06:44.761 > pData[ 6] : 0x00
14:06:44.763 > pData[ 7] : 0x00
14:06:44.764 > pData[ 8] : 0x00
14:06:44.767 > pData[ 9] : 0x00
14:06:44.767 > pData[10] : 0x00
14:06:44.769 > pData[11] : 0x00
14:06:44.770 > pData[12] : 0x00
14:06:44.772 > pData[13] : 0x00
14:06:44.773 > pData[14] : 0x00
14:06:44.775 > pData[15] : 0x00
14:06:44.776 > pData[16] : 0x00
14:06:44.778 > pData[17] : 0x00
14:06:44.779 > pData[18] : 0x00
14:06:44.781 > pData[19] : 0x00
14:06:44.783 > 
14:06:44.783 > Serial_Write, buf : Messung
14:06:44.785 > Serial_Write, buf : 0
14:06:44.885 > send, data[0] : 0x01,	 data[1] : 0x14
14:06:44.889 > recv, data[0] : 0x00,	 data[1] : 0x00
14:06:44.941 > send, data[0] : 0x01,	 data[1] : 0x02
14:06:44.944 > recv, data[0] : 0x00,	 data[1] : 0x00
14:06:44.996 > send, data[0] : 0x01,	 data[1] : 0x80
14:06:44.999 > recv, data[0] : 0x00,	 data[1] : 0x00
14:06:45.051 > send, data[0] : 0x01,	 data[1] : 0xad
14:06:45.055 > recv, data[0] : 0x00,	 data[1] : 0x00
14:06:45.106 > send, data[0] : 0x07,	 data[1] : 0x01
14:06:45.110 > recv, data[0] : 0x00,	 data[1] : 0x00
14:06:45.172 > readRegister !!
14:06:45.173 > send, data[0] : 0x81,	 data[1] : 0x00
14:06:45.176 > recv, data[0] : 0x00,	 data[1] : 0x00
14:06:45.229 > read_cnt from SDO : 0
14:06:45.231 > readRegister !!
14:06:45.232 > send, data[0] : 0x81,	 data[1] : 0x00
14:06:45.236 > recv, data[0] : 0x00,	 data[1] : 0x00
14:06:45.407 > ]0t,0ne!,ddrata rR0dr8cad0
14:06:46.384 > 0a[0S saa0 0r0ndx v:!sreadRegister !!
14:06:47.315 > send, data[0] : 0x81,	 data[1] : 0x00
14:06:47.318 > recv, data[0] : 0x00,	 data[1] : 0x00
14:06:47.370 > readRegister !!
14:06:47.372 > send, data[0] : 0x81,	 data[1] : 0x00
14:06:47.375 > recv, data[0] : 0x00,	 data[1] : 0x00
14:06:47.428 > readRegister !!
14:06:47.429 > send, data[0] : 0x81,	 data[1] : 0x00
14:06:47.432 > recv, data[0] : 0x00,	 data[1] : 0x00
14:06:47.485 > readRegister !!
14:06:47.486 > send, data[0] : 0x81,	 data[1] : 0x00
14:06:47.490 > recv, data[0] : 0x00,	 data[1] : 0x00
14:06:47.542 > readRegister !!
14:06:47.544 > send, data[0] : 0x81,	 data[1] : 0x00
14:06:47.547 > recv, data[0] : 0x00,	 data[1] : 0x00
14:06:47.600 > readRegister !!
14:06:47.601 > send, data[0] : 0x81,	 data[1] : 0x00
14:06:47.604 > recv, data[0] : 0x00,	 data[1] : 0x00
14:06:47.657 > readRegister !!
14:06:47.658 > send, data[0] : 0x81,	 data[1] : 0x00
14:06:47.661 > recv, data[0] : 0x00,	 data[1] : 0x00
14:06:47.714 > readRegister !!
14:06:47.715 > send, data[0] : 0x81,	 data[1] : 0x00
14:06:47.719 > recv, data[0] : 0x00,	 data[1] : 0x00
14:06:47.771 > readRegister !!
14:06:47.773 > send, data[0] : 0x81,	 data[1] : 0x00
14:06:47.776 > recv, data[0] : 0x00,	 data[1] : 0x00
14:06:47.829 > readRegister !!
14:06:47.830 > send, data[0] : 0x81,	 data[1] : 0x00
14:06:47.833 > recv, data[0] : 0x00,	 data[1] : 0x00
14:06:47.886 > readRegister !!
14:06:47.887 > send, data[0] : 0x81,	 data[1] : 0x00
14:06:47.891 > recv, data[0] : 0x00,	 data[1] : 0x00
14:06:47.943 > readRegister !!
14:06:47.945 > send, data[0] : 0x81,	 data[1] : 0x00
14:06:47.948 > recv, data[0] : 0x00,	 data[1] : 0x00
14:06:48.000 > pData[ 0] : 0x00
14:06:48.002 > pData[ 1] : 0x00
14:06:48.004 > pData[ 2] : 0x00
14:06:48.005 > pData[ 3] : 0x00
14:06:48.007 > pData[ 4] : 0x00
14:06:48.008 > pData[ 5] : 0x00
14:06:48.010 > pData[ 6] : 0x00
14:06:48.011 > pData[ 7] : 0x00
14:06:48.013 > pData[ 8] : 0x00
14:06:48.014 > pData[ 9] : 0x00
14:06:48.016 > pData[10] : 0x00
14:06:48.017 > pData[11] : 0x00
14:06:48.019 > pData[12] : 0x00
14:06:48.020 > pData[13] : 0x00
14:06:48.022 > pData[14] : 0x00
14:06:48.024 > pData[15] : 0x00
14:06:48.025 > pData[16] : 0x00
14:06:48.027 > pData[17] : 0x00
14:06:48.028 > pData[18] : 0x00
14:06:48.030 > pData[19] : 0x00
14:06:48.031 > 
14:06:48.031 > Serial_Write, buf : Messung
14:06:48.034 > Serial_Write, buf : 0
14:06:48.134 > send, data[0] : 0x01,	 data[1] : 0x14
14:06:48.137 > recv, data[0] : 0x00,	 data[1] : 0x00
14:06:48.189 > send, data[0] : 0x01,	 data[1] : 0x02
14:06:48.192 > recv, data[0] : 0x00,	 data[1] : 0x00
14:06:48.244 > send, data[0] : 0x01,	 data[1] : 0x80
14:06:48.248 > recv, data[0] : 0x00,	 data[1] : 0x00
14:06:48.300 > send, data[0] : 0x01,	 data[1] : 0xad
14:06:48.303 > recv, data[0] : 0x00,	 data[1] : 0x00
14:06:48.355 > send, data[0] : 0x07,	 data[1] : 0x01
14:06:48.358 > recv, data[0] : 0x00,	 data[1] : 0x00
14:06:48.420 > readRegister !!
14:06:48.422 > send, data[0] : 0x81,	 data[1] : 0x00
14:06:48.425 > recv, data[0] : 0x00,	 data[1] : 0x00
14:06:48.477 > read_cnt from SDO : 0
14:06:48.479 > readRegister !!
14:06:48.481 > send, data[0] : 0x81,	 data[1] : 0x00
14:06:48.484 > recv, data[0] : 0x00,	 data[1] : 0x00
14:06:48.537 > readRegister !!
14:06:48.538 > send, data[0] : 0x81,	 data[1] : 0x00
14:06:48.541 > recv, data[0] : 0x00,	 data[1] : 0x00
14:06:48.594 > readRegister !!
14:06:48.595 > send, data[0] : 0x81,	 data[1] : 0x00
14:06:48.599 > recv, data[0] : 0x00,	 data[1] : 0x00
14:06:48.651 > readRegister !!
14:06:48.653 > send, data[0] : 0x81,	 data[1] : 0x00
14:06:48.656 > recv, data[0] : 0x00,	 data[1] : 0x00
14:06:48.709 > readRegister !!
14:06:48.710 > send, data[0] : 0x81,	 data[1] : 0x00
14:06:48.713 > recv, data[0] : 0x00,	 data[1] : 0x00
14:06:48.766 > readRegister !!
14:06:48.767 > send, data[0] : 0x81,	 data[1] : 0x00
14:06:48.771 > recv, data[0] : 0x00,	 data[1] : 0x00
14:06:48.823 > readRegister !!
14:06:48.825 > send, data[0] : 0x81,	 data[1] : 0x00
14:06:48.828 > recv, data[0] : 0x00,	 data[1] : 0x00
14:06:48.880 > readRegister !!
14:06:48.882 > send, data[0] : 0x81,	 data[1] : 0x00
14:06:48.885 > recv, data[0] : 0x00,	 data[1] : 0x00
14:06:48.938 > readRegister !!
14:06:48.939 > send, data[0] : 0x81,	 data[1] : 0x00
14:06:48.942 > recv, data[0] : 0x00,	 data[1] : 0x00
14:06:48.995 > readRegister !!
14:06:48.996 > send, data[0] : 0x81,	 data[1] : 0x00
14:06:49.000 > recv, data[0] : 0x00,	 data[1] : 0x00
14:06:49.052 > readRegister !!
14:06:49.054 > send, data[0] : 0x81,	 data[1] : 0x00
14:06:49.057 > recv, data[0] : 0x00,	 data[1] : 0x00
14:06:49.110 > readRegister !!
14:06:49.111 > send, data[0] : 0x81,	 data[1] : 0x00
14:06:49.114 > recv, data[0] : 0x00,	 data[1] : 0x00
14:06:49.167 > readRegister !!
14:06:49.168 > send, data[0] : 0x81,	 data[1] : 0x00
14:06:49.172 > recv, data[0] : 0x00,	 data[1] : 0x00
14:06:49.224 > readRegister !!
14:06:49.226 > send, data[0] : 0x81,	 data[1] : 0x00
14:06:49.229 > recv, data[0] : 0x00,	 data[1] : 0x00
14:06:49.281 > readRegister !!
14:06:49.283 > send, data[0] : 0x81,	 data[1] : 0x00
14:06:49.286 > recv, data[0] : 0x00,	 data[1] : 0x00
14:06:49.339 > readRegister !!
14:06:49.340 > send, data[0] : 0x81,	 data[1] : 0x00
14:06:49.344 > recv, data[0] : 0x00,	 data[1] : 0x00
14:06:49.396 > readRegister !!
14:06:49.397 > send, data[0] : 0x81,	 data[1] : 0x00
14:06:49.402 > recv, data[0] : 0x00,	 data[1] : 0x00
14:06:49.453 > readRegister !!
14:06:49.455 > send, data[0] : 0x81,	 data[1] : 0x00
14:06:49.458 > recv, data[0] : 0x00,	 data[1] : 0x00
14:06:49.511 > readRegister !!
14:06:49.512 > send, data[0] : 0x81,	 data[1] : 0x00
14:06:49.515 > recv, data[0] : 0x00,	 data[1] : 0x00
14:06:49.568 > readRegister !!
14:06:49.569 > send, data[0] : 0x81,	 data[1] : 0x00
14:06:49.573 > recv, data[0] : 0x00,	 data[1] : 0x00
14:06:49.625 > pData[ 0] : 0x00
14:06:49.627 > pData[ 1] : 0x00
14:06:49.628 > pData[ 2] : 0x00
14:06:49.630 > pData[ 3] : 0x00
14:06:49.631 > pData[ 4] : 0x00
14:06:49.633 > pData[ 5] : 0x00
14:06:49.634 > pData[ 6] : 0x00
14:06:49.636 > pData[ 7] : 0x00
14:06:49.638 > pData[ 8] : 0x00
14:06:49.639 > pData[ 9] : 0x00
14:06:49.641 > pData[10] : 0x00
14:06:49.642 > pData[11] : 0x00
14:06:49.644 > pData[12] : 0x00
14:06:49.645 > pData[13] : 0x00
14:06:49.647 > pData[14] : 0x00
14:06:49.648 > pData[15] : 0x00
14:06:49.650 > pData[16] : 0x00
14:06:49.651 > pData[17] : 0x00
14:06:49.653 > pData[18] : 0x00
14:06:49.655 > pData[19] : 0x00
14:06:49.656 > 
14:06:49.656 > Serial_Write, buf : Messung
14:06:49.659 > Serial_Write, buf : 0
14:06:49.759 > send, data[0] : 0x01,	 data[1] : 0x14
14:06:49.762 > recv, data[0] : 0x00,	 data[1] : 0x00
14:06:49.814 > send, data[0] : 0x01,	 data[1] : 0x02
14:06:49.817 > recv, data[0] : 0x00,	 data[1] : 0x00
14:06:49.869 > send, data[0] : 0x01,	 data[1] : 0x80
14:06:49.873 > recv, data[0] : 0x00,	 data[1] : 0x00
14:06:49.925 > send, data[0] : 0x01,	 data[1] : 0xad
14:06:49.928 > recv, data[0] : 0x00,	 data[1] : 0x00
14:06:49.980 > send, data[0] : 0x07,	 data[1] : 0x01
14:06:49.983 > recv, data[0] : 0x00,	 data[1] : 0x00
14:06:50.045 > readRegister !!
14:06:50.046 > send, data[0] : 0x81,	 data[1] : 0x00
14:06:50.050 > recv, data[0] : 0x00,	 data[1] : 0x00
14:06:50.102 > read_cnt from SDO : 0
14:06:50.104 > readRegister !!
14:06:50.106 > send, data[0] : 0x81,	 data[1] : 0x00
14:06:50.109 > recv, data[0] : 0x00,	 data[1] : 0x00
14:06:50.162 > readRegister !!
14:06:50.163 > send, data[0] : 0x81,	 data[1] : 0x00
14:06:50.166 > recv, data[0] : 0x00,	 data[1] : 0x00
14:06:50.219 > readRegister !!
14:06:50.220 > send, data[0] : 0x81,	 data[1] : 0x00
14:06:50.224 > recv, data[0] : 0x00,	 data[1] : 0x00
14:06:50.276 > readRegister !!
14:06:50.278 > send, data[0] : 0x81,	 data[1] : 0x00
14:06:50.281 > recv, data[0] : 0x00,	 data[1] : 0x00
14:06:50.334 > readRegister !!
14:06:50.335 > send, data[0] : 0x81,	 data[1] : 0x00
14:06:50.338 > recv, data[0] : 0x00,	 data[1] : 0x00
14:06:50.391 > readRegister !!
14:06:50.392 > send, data[0] : 0x81,	 data[1] : 0x00
14:06:50.396 > recv, data[0] : 0x00,	 data[1] : 0x00
14:06:50.448 > readRegister !!
14:06:50.450 > send, data[0] : 0x81,	 data[1] : 0x00
14:06:50.453 > recv, data[0] : 0x00,	 data[1] : 0x00
14:06:50.505 > readRegister !!
14:06:50.507 > send, data[0] : 0x81,	 data[1] : 0x00
14:06:50.510 > recv, data[0] : 0x00,	 data[1] : 0x00
14:06:50.563 > readRegister !!
14:06:50.564 > send, data[0] : 0x81,	 data[1] : 0x00
14:06:50.567 > recv, data[0] : 0x00,	 data[1] : 0x00
14:06:50.620 > readRegister !!
14:06:50.621 > send, data[0] : 0x81,	 data[1] : 0x00
14:06:50.625 > recv, data[0] : 0x00,	 data[1] : 0x00
14:06:50.677 > readRegister !!
14:06:50.679 > send, data[0] : 0x81,	 data[1] : 0x00
14:06:50.682 > recv, data[0] : 0x00,	 data[1] : 0x00
14:06:50.735 > readRegister !!
14:06:50.736 > send, data[0] : 0x81,	 data[1] : 0x00
14:06:50.739 > recv, data[0] : 0x00,	 data[1] : 0x00
14:06:50.792 > readRegister !!
14:06:50.793 > send, data[0] : 0x81,	 data[1] : 0x00
14:06:50.797 > recv, data[0] : 0x00,	 data[1] : 0x00
14:06:50.849 > readRegister !!
14:06:50.851 > send, data[0] : 0x81,	 data[1] : 0x00
14:06:50.854 > recv, data[0] : 0x00,	 data[1] : 0x00
14:06:50.906 > readRegister !!
14:06:50.908 > send, data[0] : 0x81,	 data[1] : 0x00
14:06:50.911 > recv, data[0] : 0x00,	 data[1] : 0x00
14:06:50.964 > readRegister !!
14:06:50.965 > send, data[0] : 0x81,	 data[1] : 0x00
14:06:50.968 > recv, data[0] : 0x00,	 data[1] : 0x00
14:06:51.021 > readRegister !!
14:06:51.022 > send, data[0] : 0x81,	 data[1] : 0x00
14:06:51.026 > recv, data[0] : 0x00,	 data[1] : 0x00
14:06:51.078 > readRegister !!
14:06:51.080 > send, data[0] : 0x81,	 data[1] : 0x00
14:06:51.083 > recv, data[0] : 0x00,	 data[1] : 0x00
14:06:51.136 > readRegister !!
14:06:51.137 > send, data[0] : 0x81,	 data[1] : 0x00
14:06:51.140 > recv, data[0] : 0x00,	 data[1] : 0x00
14:06:51.193 > readRegister !!
14:06:51.194 > send, data[0] : 0x81,	 data[1] : 0x00
14:06:51.198 > recv, data[0] : 0x00,	 data[1] : 0x00
14:06:51.250 > pData[ 0] : 0x00
14:06:51.252 > pData[ 1] : 0x00
14:06:51.253 > pData[ 2] : 0x00
14:06:51.255 > pData[ 3] : 0x00
14:06:51.256 > pData[ 4] : 0x00
14:06:51.258 > pData[ 5] : 0x00
14:06:51.259 > pData[ 6] : 0x00
14:06:51.261 > pData[ 7] : 0x00
14:06:51.262 > pData[ 8] : 0x00
14:06:51.264 > pData[ 9] : 0x00
14:06:51.266 > pData[10] : 0x00
14:06:51.267 > pData[11] : 0x00
14:06:51.269 > pData[12] : 0x00
14:06:51.270 > pData[13] : 0x00
14:06:51.272 > pData[14] : 0x00
14:06:51.273 > pData[15] : 0x00
14:06:51.275 > pData[16] : 0x00
14:06:51.276 > pData[17] : 0x00
14:06:51.278 > pData[18] : 0x00
14:06:51.279 > pData[19] : 0x00
14:06:51.281 > 
14:06:51.281 > Serial_Write, buf : Messung
14:06:51.283 > Serial_Write, buf : 0
14:06:51.383 > send, data[0] : 0x01,	 data[1] : 0x14
14:06:51.387 > recv, data[0] : 0x00,	 data[1] : 0x00
14:06:51.439 > send, data[0] : 0x01,	 data[1] : 0x02
14:06:51.442 > recv, data[0] : 0x00,	 data[1] : 0x00
14:06:51.494 > send, data[0] : 0x01,	 data[1] : 0x80
14:06:51.497 > recv, data[0] : 0x00,	 data[1] : 0x00
14:06:51.549 > send, data[0] : 0x01,	 data[1] : 0xad
14:06:51.553 > recv, data[0] : 0x00,	 data[1] : 0x00
14:06:51.605 > send, data[0] : 0x07,	 data[1] : 0x01
14:06:51.608 > recv, data[0] : 0x00,	 data[1] : 0x00
14:06:51.670 > readRegister !!
14:06:51.671 > send, data[0] : 0x81,	 data[1] : 0x00
14:06:51.674 > recv, data[0] : 0x00,	 data[1] : 0x00
14:06:51.727 > read_cnt from SDO : 0
14:06:51.729 > readRegister !!
14:06:51.730 > send, data[0] : 0x81,	 data[1] : 0x00
14:06:51.734 > recv, data[0] : 0x00,	 data[1] : 0x00
14:06:51.786 > readRegister !!
14:06:51.788 > send, data[0] : 0x81,	 data[1] : 0x00
14:06:51.791 > recv, data[0] : 0x00,	 data[1] : 0x00
14:06:51.844 > readRegister !!
14:06:51.845 > send, data[0] : 0x81,	 data[1] : 0x00
14:06:51.848 > recv, data[0] : 0x00,	 data[1] : 0x00
14:06:51.901 > readRegister !!
14:06:51.902 > send, data[0] : 0x81,	 data[1] : 0x00
14:06:51.906 > recv, data[0] : 0x00,	 data[1] : 0x00
14:06:51.958 > readRegister !!
14:06:51.960 > send, data[0] : 0x81,	 data[1] : 0x00
14:06:51.963 > recv, data[0] : 0x00,	 data[1] : 0x00
14:06:52.015 > readRegister !!
14:06:52.017 > send, data[0] : 0x81,	 data[1] : 0x00
14:06:52.020 > recv, data[0] : 0x00,	 data[1] : 0x00
14:06:52.073 > readRegister !!
14:06:52.074 > send, data[0] : 0x81,	 data[1] : 0x00
14:06:52.077 > recv, data[0] : 0x00,	 data[1] : 0x00
14:06:52.130 > readRegister !!
14:06:52.131 > send, data[0] : 0x81,	 data[1] : 0x00
14:06:52.135 > recv, data[0] : 0x00,	 data[1] : 0x00
14:06:52.187 > readRegister !!
14:06:52.189 > send, data[0] : 0x81,	 data[1] : 0x00
14:06:52.192 > recv, data[0] : 0x00,	 data[1] : 0x00
14:06:52.244 > readRegister !!
14:06:52.246 > send, data[0] : 0x81,	 data[1] : 0x00
14:06:52.249 > recv, data[0] : 0x00,	 data[1] : 0x00
14:06:52.302 > readRegister !!
14:06:52.303 > send, data[0] : 0x81,	 data[1] : 0x00
14:06:52.306 > recv, data[0] : 0x00,	 data[1] : 0x00
14:06:52.362 > readRegister !!
14:06:52.362 > send, data[0] : 0x81,	 data[1] : 0x00
14:06:52.364 > recv, data[0] : 0x00,	 data[1] : 0x00
14:06:52.416 > readRegister !!
14:06:52.418 > send, data[0] : 0x81,	 data[1] : 0x00
14:06:52.421 > recv, data[0] : 0x00,	 data[1] : 0x00
14:06:52.473 > readRegister !!
14:06:52.475 > send, data[0] : 0x81,	 data[1] : 0x00
14:06:52.477 > recv, data[0] : 0x00,	 data[1] : 0x00
14:06:52.531 > readRegister !!
14:06:52.532 > send, data[0] : 0x81,	 data[1] : 0x00
14:06:52.535 > recv, data[0] : 0x00,	 data[1] : 0x00
14:06:52.588 > readRegister !!
14:06:52.589 > send, data[0] : 0x81,	 data[1] : 0x00
14:06:52.592 > recv, data[0] : 0x00,	 data[1] : 0x00
14:06:52.645 > readRegister !!
14:06:52.647 > send, data[0] : 0x81,	 data[1] : 0x00
14:06:52.650 > recv, data[0] : 0x00,	 data[1] : 0x00
14:06:52.703 > readRegister !!
14:06:52.704 > send, data[0] : 0x81,	 data[1] : 0x00
14:06:52.706 > recv, data[0] : 0x00,	 data[1] : 0x00
14:06:52.760 > readRegister !!
14:06:52.761 > send, data[0] : 0x81,	 data[1] : 0x00
14:06:52.764 > recv, data[0] : 0x00,	 data[1] : 0x00
14:06:52.817 > readRegister !!
14:06:52.817 > send, data[0] : 0x81,	 data[1] : 0x00
14:06:52.821 > recv, data[0] : 0x00,	 data[1] : 0x00
14:06:52.874 > pData[ 0] : 0x00
14:06:52.876 > pData[ 1] : 0x00
14:06:52.876 > pData[ 2] : 0x00
14:06:52.879 > pData[ 3] : 0x00
14:06:52.880 > pData[ 4] : 0x00
14:06:52.882 > pData[ 5] : 0x00
14:06:52.883 > pData[ 6] : 0x00
14:06:52.885 > pData[ 7] : 0x00
14:06:52.887 > pData[ 8] : 0x00
14:06:52.888 > pData[ 9] : 0x00
14:06:52.889 > pData[10] : 0x00
14:06:52.890 > pData[11] : 0x00
14:06:52.892 > pData[12] : 0x00
14:06:52.894 > pData[13] : 0x00
14:06:52.895 > pData[14] : 0x00
14:06:52.897 > pData[15] : 0x00
14:06:52.899 > pData[16] : 0x00
14:06:52.901 > pData[17] : 0x00
14:06:52.902 > pData[18] : 0x00
14:06:52.903 > pData[19] : 0x00
14:06:52.905 > 
14:06:52.905 > Serial_Write, buf : Messung
14:06:52.908 > Serial_Write, buf : 0
14:06:53.008 > send, data[0] : 0x01,	 data[1] : 0x14
14:06:53.011 > recv, data[0] : 0x00,	 data[1] : 0x00
14:06:53.063 > send, data[0] : 0x01,	 data[1] : 0x02
14:06:53.065 > recv, data[0] : 0x00,	 data[1] : 0x00
14:06:53.118 > send, data[0] : 0x01,	 data[1] : 0x80
14:06:53.121 > recv, data[0] : 0x00,	 data[1] : 0x00
14:06:53.174 > send, data[0] : 0x01,	 data[1] : 0xad
14:06:53.177 > recv, data[0] : 0x00,	 data[1] : 0x00
14:06:53.229 > send, data[0] : 0x07,	 data[1] : 0x01
14:06:53.232 > recv, data[0] : 0x00,	 data[1] : 0x00
14:06:53.295 > i 0]r!t0,r0e	a vr]0a:r :t
14:06:53.932 >  sd0xr8:
14:06:54.161 >  s0]rDp a:0100
14:06:54.526 > ae snasxsgaaartsdx:readRegister !!
14:06:55.322 > send, data[0] : 0x81,	 data[1] : 0x00
14:06:55.326 > recv, data[0] : 0x00,	 data[1] : 0x00
14:06:55.377 > readRegister !!
14:06:55.379 > send, data[0] : 0x81,	 data[1] : 0x00
14:06:55.382 > recv, data[0] : 0x00,	 data[1] : 0x00
14:06:55.435 > readRegister !!
14:06:55.437 > send, data[0] : 0x81,	 data[1] : 0x00
14:06:55.440 > recv, data[0] : 0x00,	 data[1] : 0x00
14:06:55.493 > readRegister !!
14:06:55.493 > send, data[0] : 0x81,	 data[1] : 0x00
14:06:55.497 > recv, data[0] : 0x00,	 data[1] : 0x00
14:06:55.550 > readRegister !!
14:06:55.550 > send, data[0] : 0x81,	 data[1] : 0x00
14:06:55.554 > recv, data[0] : 0x00,	 data[1] : 0x00
14:06:55.607 > readRegister !!
14:06:55.608 > send, data[0] : 0x81,	 data[1] : 0x00
14:06:55.612 > recv, data[0] : 0x00,	 data[1] : 0x00
14:06:55.663 > readRegister !!
14:06:55.665 > send, data[0] : 0x81,	 data[1] : 0x00
14:06:55.668 > recv, data[0] : 0x00,	 data[1] : 0x00
14:06:55.722 > readRegister !!
14:06:55.723 > send, data[0] : 0x81,	 data[1] : 0x00
14:06:55.726 > recv, data[0] : 0x00,	 data[1] : 0x00
14:06:55.778 > readRegister !!
14:06:55.780 > send, data[0] : 0x81,	 data[1] : 0x00
14:06:55.783 > recv, data[0] : 0x00,	 data[1] : 0x00
14:06:55.836 > readRegister !!
14:06:55.838 > send, data[0] : 0x81,	 data[1] : 0x00
14:06:55.840 > recv, data[0] : 0x00,	 data[1] : 0x00
14:06:55.892 > readRegister !!
14:06:55.895 > send, data[0] : 0x81,	 data[1] : 0x00
14:06:55.898 > recv, data[0] : 0x00,	 data[1] : 0x00
14:06:55.951 > readRegister !!
14:06:55.952 > send, data[0] : 0x81,	 data[1] : 0x00
14:06:55.955 > recv, data[0] : 0x00,	 data[1] : 0x00
14:06:56.008 > readRegister !!
14:06:56.009 > send, data[0] : 0x81,	 data[1] : 0x00
14:06:56.013 > recv, data[0] : 0x00,	 data[1] : 0x00
14:06:56.065 > readRegister !!
14:06:56.067 > send, data[0] : 0x81,	 data[1] : 0x00
14:06:56.070 > recv, data[0] : 0x00,	 data[1] : 0x00
14:06:56.122 > pData[ 0] : 0x00
14:06:56.123 > pData[ 1] : 0x00
14:06:56.125 > pData[ 2] : 0x00
14:06:56.126 > pData[ 3] : 0x00
14:06:56.129 > pData[ 4] : 0x00
14:06:56.129 > pData[ 5] : 0x00
14:06:56.132 > pData[ 6] : 0x00
14:06:56.133 > pData[ 7] : 0x00
14:06:56.134 > pData[ 8] : 0x00
14:06:56.136 > pData[ 9] : 0x00
14:06:56.138 > pData[10] : 0x00
14:06:56.138 > pData[11] : 0x00
14:06:56.140 > pData[12] : 0x00
14:06:56.142 > pData[13] : 0x00
14:06:56.143 > pData[14] : 0x00
14:06:56.145 > pData[15] : 0x00
14:06:56.146 > pData[16] : 0x00
14:06:56.148 > pData[17] : 0x00
14:06:56.150 > pData[18] : 0x00
14:06:56.151 > pData[19] : 0x00
14:06:56.153 > 
14:06:56.153 > Serial_Write, buf : Messung
14:06:56.155 > Serial_Write, buf : 0
14:06:56.255 > send, data[0] : 0x01,	 data[1] : 0x14
14:06:56.258 > recv, data[0] : 0x00,	 data[1] : 0x00
14:06:56.311 > send, data[0] : 0x01,	 data[1] : 0x02
14:06:56.314 > recv, data[0] : 0x00,	 data[1] : 0x00
14:06:56.366 > send, data[0] : 0x01,	 data[1] : 0x80
14:06:56.370 > recv, data[0] : 0x00,	 data[1] : 0x00
14:06:56.422 > send, data[0] : 0x01,	 data[1] : 0xad
14:06:56.425 > recv, data[0] : 0x00,	 data[1] : 0x00
14:06:56.477 > send, data[0] : 0x07,	 data[1] : 0x01
14:06:56.480 > recv, data[0] : 0x00,	 data[1] : 0x00
14:06:56.542 > readRegister !!
14:06:56.543 > send, data[0] : 0x81,	 data[1] : 0x00
14:06:56.547 > recv, data[0] : 0x00,	 data[1] : 0x00
14:06:56.599 > read_cnt from SDO : 0
14:06:56.601 > readRegister !!
14:06:56.603 > send, data[0] : 0x81,	 data[1] : 0x00
14:06:56.606 > recv, data[0] : 0x00,	 data[1] : 0x00
14:06:56.659 > readRegister !!
14:06:56.660 > send, data[0] : 0x81,	 data[1] : 0x00
14:06:56.663 > recv, data[0] : 0x00,	 data[1] : 0x00
14:06:56.716 > readRegister !!
14:06:56.717 > send, data[0] : 0x81,	 data[1] : 0x00
14:06:56.720 > recv, data[0] : 0x00,	 data[1] : 0x00
14:06:56.773 > readRegister !!
14:06:56.774 > send, data[0] : 0x81,	 data[1] : 0x00
14:06:56.778 > recv, data[0] : 0x00,	 data[1] : 0x00
14:06:56.830 > readRegister !!
14:06:56.832 > send, data[0] : 0x81,	 data[1] : 0x00
14:06:56.835 > recv, data[0] : 0x00,	 data[1] : 0x00
14:06:56.888 > readRegister !!
14:06:56.889 > send, data[0] : 0x81,	 data[1] : 0x00
14:06:56.892 > recv, data[0] : 0x00,	 data[1] : 0x00
14:06:56.945 > readRegister !!
14:06:56.946 > send, data[0] : 0x81,	 data[1] : 0x00
14:06:56.950 > recv, data[0] : 0x00,	 data[1] : 0x00
14:06:57.002 > readRegister !!
14:06:57.004 > send, data[0] : 0x81,	 data[1] : 0x00
14:06:57.007 > recv, data[0] : 0x00,	 data[1] : 0x00
14:06:57.059 > readRegister !!
14:06:57.061 > send, data[0] : 0x81,	 data[1] : 0x00
14:06:57.064 > recv, data[0] : 0x00,	 data[1] : 0x00
14:06:57.117 > readRegister !!
14:06:57.119 > send, data[0] : 0x81,	 data[1] : 0x00
14:06:57.121 > recv, data[0] : 0x00,	 data[1] : 0x00
14:06:57.174 > readRegister !!
14:06:57.175 > send, data[0] : 0x81,	 data[1] : 0x00
14:06:57.179 > recv, data[0] : 0x00,	 data[1] : 0x00
14:06:57.230 > readRegister !!
14:06:57.233 > send, data[0] : 0x81,	 data[1] : 0x00
14:06:57.236 > recv, data[0] : 0x00,	 data[1] : 0x00
14:06:57.289 > readRegister !!
14:06:57.290 > send, data[0] : 0x81,	 data[1] : 0x00
14:06:57.293 > recv, data[0] : 0x00,	 data[1] : 0x00
14:06:57.346 > readRegister !!
14:06:57.347 > send, data[0] : 0x81,	 data[1] : 0x00
14:06:57.351 > recv, data[0] : 0x00,	 data[1] : 0x00
14:06:57.403 > readRegister !!
14:06:57.405 > send, data[0] : 0x81,	 data[1] : 0x00
14:06:57.408 > recv, data[0] : 0x00,	 data[1] : 0x00
14:06:57.460 > readRegister !!
14:06:57.462 > send, data[0] : 0x81,	 data[1] : 0x00
14:06:57.465 > recv, data[0] : 0x00,	 data[1] : 0x00
14:06:57.518 > readRegister !!
14:06:57.519 > send, data[0] : 0x81,	 data[1] : 0x00
14:06:57.523 > recv, data[0] : 0x00,	 data[1] : 0x00
14:06:57.575 > readRegister !!
14:06:57.576 > send, data[0] : 0x81,	 data[1] : 0x00
14:06:57.580 > recv, data[0] : 0x00,	 data[1] : 0x00
14:06:57.632 > readRegister !!
14:06:57.634 > send, data[0] : 0x81,	 data[1] : 0x00
14:06:57.637 > recv, data[0] : 0x00,	 data[1] : 0x00
14:06:57.690 > readRegister !!
14:06:57.691 > send, data[0] : 0x81,	 data[1] : 0x00
14:06:57.694 > recv, data[0] : 0x00,	 data[1] : 0x00
14:06:57.747 > pData[ 0] : 0x00
14:06:57.748 > pData[ 1] : 0x00
14:06:57.750 > pData[ 2] : 0x00
14:06:57.751 > pData[ 3] : 0x00
14:06:57.753 > pData[ 4] : 0x00
14:06:57.755 > pData[ 5] : 0x00
14:06:57.756 > pData[ 6] : 0x00
14:06:57.758 > pData[ 7] : 0x00
14:06:57.759 > pData[ 8] : 0x00
14:06:57.761 > pData[ 9] : 0x00
14:06:57.762 > pData[10] : 0x00
14:06:57.764 > pData[11] : 0x00
14:06:57.765 > pData[12] : 0x00
14:06:57.767 > pData[13] : 0x00
14:06:57.768 > pData[14] : 0x00
14:06:57.770 > pData[15] : 0x00
14:06:57.771 > pData[16] : 0x00
14:06:57.773 > pData[17] : 0x00
14:06:57.774 > pData[18] : 0x00
14:06:57.776 > pData[19] : 0x00
14:06:57.778 > 
14:06:57.778 > Serial_Write, buf : Messung
14:06:57.781 > Serial_Write, buf : 0
14:06:57.880 > send, data[0] : 0x01,	 data[1] : 0x14
14:06:57.883 > recv, data[0] : 0x00,	 data[1] : 0x00
14:06:57.936 > send, data[0] : 0x01,	 data[1] : 0x02
14:06:57.938 > recv, data[0] : 0x00,	 data[1] : 0x00
14:06:57.991 > send, data[0] : 0x01,	 data[1] : 0x80
14:06:57.994 > recv, data[0] : 0x00,	 data[1] : 0x00
14:06:58.046 > send, data[0] : 0x01,	 data[1] : 0xad
14:06:58.049 > recv, data[0] : 0x00,	 data[1] : 0x00
14:06:58.101 > send, data[0] : 0x07,	 data[1] : 0x01
14:06:58.105 > recv, data[0] : 0x00,	 data[1] : 0x00
14:06:58.166 > readRegister !!
14:06:58.168 > send, data[0] : 0x81,	 data[1] : 0x00
14:06:58.171 > recv, data[0] : 0x00,	 data[1] : 0x00
14:06:58.223 > read_cnt from SDO : 0
14:06:58.226 > readRegister !!
14:06:58.227 > send, data[0] : 0x81,	 data[1] : 0x00
14:06:58.230 > recv, data[0] : 0x00,	 data[1] : 0x00
14:06:58.282 > readRegister !!
14:06:58.284 > send, data[0] : 0x81,	 data[1] : 0x00
14:06:58.288 > recv, data[0] : 0x00,	 data[1] : 0x00
14:06:58.339 > readRegister !!
14:06:58.343 > send, data[0] : 0x81,	 data[1] : 0x00
14:06:58.345 > recv, data[0] : 0x00,	 data[1] : 0x00
14:06:58.397 > readRegister !!
14:06:58.398 > send, data[0] : 0x81,	 data[1] : 0x00
14:06:58.401 > recv, data[0] : 0x00,	 data[1] : 0x00
14:06:58.455 > readRegister !!
14:06:58.456 > send, data[0] : 0x81,	 data[1] : 0x00
14:06:58.460 > recv, data[0] : 0x00,	 data[1] : 0x00
14:06:58.511 > readRegister !!
14:06:58.526 > send, data[0] : 0x81,	 data[1] : 0x00
14:06:58.526 > recv, data[0] : 0x00,	 data[1] : 0x00
14:06:58.569 > readRegister !!
14:06:58.571 > send, data[0] : 0x81,	 data[1] : 0x00
14:06:58.574 > recv, data[0] : 0x00,	 data[1] : 0x00
14:06:58.626 > readRegister !!
14:06:58.628 > send, data[0] : 0x81,	 data[1] : 0x00
14:06:58.631 > recv, data[0] : 0x00,	 data[1] : 0x00
14:06:58.683 > readRegister !!
14:06:58.685 > send, data[0] : 0x81,	 data[1] : 0x00
14:06:58.689 > recv, data[0] : 0x00,	 data[1] : 0x00
14:06:58.741 > readRegister !!
14:06:58.742 > send, data[0] : 0x81,	 data[1] : 0x00
14:06:58.746 > recv, data[0] : 0x00,	 data[1] : 0x00
14:06:58.798 > readRegister !!
14:06:58.800 > send, data[0] : 0x81,	 data[1] : 0x00
14:06:58.803 > recv, data[0] : 0x00,	 data[1] : 0x00
14:06:58.856 > readRegister !!
14:06:58.857 > send, data[0] : 0x81,	 data[1] : 0x00
14:06:58.863 > recv, data[0] : 0x00,	 data[1] : 0x00
14:06:58.912 > readRegister !!
14:06:58.914 > send, data[0] : 0x81,	 data[1] : 0x00
14:06:58.917 > recv, data[0] : 0x00,	 data[1] : 0x00
14:06:58.969 > readRegister !!
14:06:58.971 > send, data[0] : 0x81,	 data[1] : 0x00
14:06:58.975 > recv, data[0] : 0x00,	 data[1] : 0x00
14:06:59.026 > readRegister !!
14:06:59.028 > send, data[0] : 0x81,	 data[1] : 0x00
14:06:59.031 > recv, data[0] : 0x00,	 data[1] : 0x00
14:06:59.084 > readRegister !!
14:06:59.085 > send, data[0] : 0x81,	 data[1] : 0x00
14:06:59.088 > recv, data[0] : 0x00,	 data[1] : 0x00
14:06:59.142 > readRegister !!
14:06:59.143 > send, data[0] : 0x81,	 data[1] : 0x00
14:06:59.147 > recv, data[0] : 0x00,	 data[1] : 0x00
14:06:59.199 > readRegister !!
14:06:59.201 > send, data[0] : 0x81,	 data[1] : 0x00
14:06:59.204 > recv, data[0] : 0x00,	 data[1] : 0x00
14:06:59.256 > readRegister !!
14:06:59.258 > send, data[0] : 0x81,	 data[1] : 0x00
14:06:59.261 > recv, data[0] : 0x00,	 data[1] : 0x00
14:06:59.314 > readRegister !!
14:06:59.315 > send, data[0] : 0x81,	 data[1] : 0x00
14:06:59.318 > recv, data[0] : 0x00,	 data[1] : 0x00
14:06:59.371 > pData[ 0] : 0x00
14:06:59.372 > pData[ 1] : 0x00
14:06:59.374 > pData[ 2] : 0x00
14:06:59.376 > pData[ 3] : 0x00
14:06:59.377 > pData[ 4] : 0x00
14:06:59.379 > pData[ 5] : 0x00
14:06:59.380 > pData[ 6] : 0x00
14:06:59.382 > pData[ 7] : 0x00
14:06:59.383 > pData[ 8] : 0x00
14:06:59.384 > pData[ 9] : 0x00
14:06:59.386 > pData[10] : 0x00
14:06:59.387 > pData[11] : 0x00
14:06:59.388 > pData[12] : 0x00
14:06:59.391 > pData[13] : 0x00
14:06:59.392 > pData[14] : 0x00
14:06:59.394 > pData[15] : 0x00
14:06:59.396 > pData[16] : 0x00
14:06:59.397 > pData[17] : 0x00
14:06:59.399 > pData[18] : 0x00
14:06:59.400 > pData[19] : 0x00
14:06:59.402 > 
14:06:59.402 > Serial_Write, buf : Messung
14:06:59.404 > Serial_Write, buf : 0
14:06:59.504 > send, data[0] : 0x01,	 data[1] : 0x14
14:06:59.507 > recv, data[0] : 0x00,	 data[1] : 0x00
14:06:59.559 > send, data[0] : 0x01,	 data[1] : 0x02
14:06:59.562 > recv, data[0] : 0x00,	 data[1] : 0x00
14:06:59.614 > send, data[0] : 0x01,	 data[1] : 0x80
14:06:59.617 > recv, data[0] : 0x00,	 data[1] : 0x00
14:06:59.670 > send, data[0] : 0x01,	 data[1] : 0xad
14:06:59.673 > recv, data[0] : 0x00,	 data[1] : 0x00
14:06:59.725 > send, data[0] : 0x07,	 data[1] : 0x01
14:06:59.729 > recv, data[0] : 0x00,	 data[1] : 0x00
14:06:59.790 > readRegister !!
14:06:59.792 > send, data[0] : 0x81,	 data[1] : 0x00
14:06:59.794 > recv, data[0] : 0x00,	 data[1] : 0x00
14:06:59.847 > read_cnt from SDO : 0
14:06:59.849 > readRegister !!
14:06:59.850 > send, data[0] : 0x81,	 data[1] : 0x00
14:06:59.854 > recv, data[0] : 0x00,	 data[1] : 0x00
14:06:59.906 > readRegister !!
14:06:59.909 > send, data[0] : 0x81,	 data[1] : 0x00
14:06:59.912 > recv, data[0] : 0x00,	 data[1] : 0x00
14:06:59.964 > readRegister !!
14:06:59.966 > send, data[0] : 0x81,	 data[1] : 0x00
14:06:59.968 > recv, data[0] : 0x00,	 data[1] : 0x00
14:07:00.021 > readRegister !!
14:07:00.023 > send, data[0] : 0x81,	 data[1] : 0x00
14:07:00.025 > recv, data[0] : 0x00,	 data[1] : 0x00
14:07:00.078 > readRegister !!
14:07:00.080 > send, data[0] : 0x81,	 data[1] : 0x00
14:07:00.084 > recv, data[0] : 0x00,	 data[1] : 0x00
14:07:00.136 > readRegister !!
14:07:00.137 > send, data[0] : 0x81,	 data[1] : 0x00
14:07:00.141 > recv, data[0] : 0x00,	 data[1] : 0x00
14:07:00.192 > readRegister !!
14:07:00.194 > send, data[0] : 0x81,	 data[1] : 0x00
14:07:00.197 > recv, data[0] : 0x00,	 data[1] : 0x00
14:07:00.250 > readRegister !!
14:07:00.252 > send, data[0] : 0x81,	 data[1] : 0x00
14:07:00.254 > recv, data[0] : 0x00,	 data[1] : 0x00
14:07:00.307 > readRegister !!
14:07:00.308 > send, data[0] : 0x81,	 data[1] : 0x00
14:07:00.312 > recv, data[0] : 0x00,	 data[1] : 0x00
14:07:00.364 > readRegister !!
14:07:00.367 > send, data[0] : 0x81,	 data[1] : 0x00
14:07:00.370 > recv, data[0] : 0x00,	 data[1] : 0x00
14:07:00.422 > readRegister !!
14:07:00.424 > send, data[0] : 0x81,	 data[1] : 0x00
14:07:00.428 > recv, data[0] : 0x00,	 data[1] : 0x00
14:07:00.479 > readRegister !!
14:07:00.480 > send, data[0] : 0x81,	 data[1] : 0x00
14:07:00.484 > recv, data[0] : 0x00,	 data[1] : 0x00
14:07:00.536 > readRegister !!
14:07:00.537 > send, data[0] : 0x81,	 data[1] : 0x00
14:07:00.541 > recv, data[0] : 0x00,	 data[1] : 0x00
14:07:00.593 > readRegister !!
14:07:00.595 > send, data[0] : 0x81,	 data[1] : 0x00
14:07:00.598 > recv, data[0] : 0x00,	 data[1] : 0x00
14:07:00.651 > readRegister !!
14:07:00.652 > send, data[0] : 0x81,	 data[1] : 0x00
14:07:00.655 > recv, data[0] : 0x00,	 data[1] : 0x00
14:07:00.708 > readRegister !!
14:07:00.709 > send, data[0] : 0x81,	 data[1] : 0x00
14:07:00.714 > recv, data[0] : 0x00,	 data[1] : 0x00
14:07:00.765 > readRegister !!
14:07:00.766 > send, data[0] : 0x81,	 data[1] : 0x00
14:07:00.770 > recv, data[0] : 0x00,	 data[1] : 0x00
14:07:00.822 > readRegister !!
14:07:00.824 > send, data[0] : 0x81,	 data[1] : 0x00
14:07:00.828 > recv, data[0] : 0x00,	 data[1] : 0x00
14:07:00.880 > readRegister !!
14:07:00.881 > send, data[0] : 0x81,	 data[1] : 0x00
14:07:00.884 > recv, data[0] : 0x00,	 data[1] : 0x00
14:07:00.937 > readRegister !!
14:07:00.938 > send, data[0] : 0x81,	 data[1] : 0x00
14:07:00.942 > recv, data[0] : 0x00,	 data[1] : 0x00
14:07:00.994 > pData[ 0] : 0x00
14:07:00.996 > pData[ 1] : 0x00
14:07:00.997 > pData[ 2] : 0x00
14:07:00.999 > pData[ 3] : 0x00
14:07:01.000 > pData[ 4] : 0x00
14:07:01.002 > pData[ 5] : 0x00
14:07:01.003 > pData[ 6] : 0x00
14:07:01.005 > pData[ 7] : 0x00
14:07:01.006 > pData[ 8] : 0x00
14:07:01.008 > pData[ 9] : 0x00
14:07:01.009 > pData[10] : 0x00
14:07:01.011 > pData[11] : 0x00
14:07:01.013 > pData[12] : 0x00
14:07:01.014 > pData[13] : 0x00
14:07:01.016 > pData[14] : 0x00
14:07:01.017 > pData[15] : 0x00
14:07:01.019 > pData[16] : 0x00
14:07:01.020 > pData[17] : 0x00
14:07:01.022 > pData[18] : 0x00
14:07:01.023 > pData[19] : 0x00
14:07:01.025 > 
14:07:01.025 > Serial_Write, buf : Messung
14:07:01.028 > Serial_Write, buf : 0
14:07:01.128 > send, data[0] : 0x01,	 data[1] : 0x14
14:07:01.131 > recv, data[0] : 0x00,	 data[1] : 0x00
14:07:01.183 > send, data[0] : 0x01,	 data[1] : 0x02
14:07:01.186 > recv, data[0] : 0x00,	 data[1] : 0x00
14:07:01.238 > send, data[0] : 0x01,	 data[1] : 0x80
14:07:01.241 > recv, data[0] : 0x00,	 data[1] : 0x00
14:07:01.293 > send, data[0] : 0x01,	 data[1] : 0xad
14:07:01.297 > recv, data[0] : 0x00,	 data[1] : 0x00
14:07:01.352 > 0rR
14:07:01.479 > d0 rd0[arR0] 
14:07:01.995 > ]g
14:07:02.049 > 10 ra0r a,R0x e1	
14:07:02.624 >  :]000a 0010aderve[xreadRegister !!
14:07:03.329 > send, data[0] : 0x81,	 data[1] : 0x00
14:07:03.332 > recv, data[0] : 0x00,	 data[1] : 0x00
14:07:03.384 > readRegister !!
14:07:03.386 > send, data[0] : 0x81,	 data[1] : 0x00
14:07:03.389 > recv, data[0] : 0x00,	 data[1] : 0x00
14:07:03.442 > readRegister !!
14:07:03.443 > send, data[0] : 0x81,	 data[1] : 0x00
14:07:03.446 > recv, data[0] : 0x00,	 data[1] : 0x00
14:07:03.499 > readRegister !!
14:07:03.500 > send, data[0] : 0x81,	 data[1] : 0x00
14:07:03.504 > recv, data[0] : 0x00,	 data[1] : 0x00
14:07:03.556 > readRegister !!
14:07:03.558 > send, data[0] : 0x81,	 data[1] : 0x00
14:07:03.561 > recv, data[0] : 0x00,	 data[1] : 0x00
14:07:03.614 > readRegister !!
14:07:03.615 > send, data[0] : 0x81,	 data[1] : 0x00
14:07:03.618 > recv, data[0] : 0x00,	 data[1] : 0x00
14:07:03.671 > readRegister !!
14:07:03.672 > send, data[0] : 0x81,	 data[1] : 0x00
14:07:03.675 > recv, data[0] : 0x00,	 data[1] : 0x00
14:07:03.728 > readRegister !!
14:07:03.730 > send, data[0] : 0x81,	 data[1] : 0x00
14:07:03.734 > recv, data[0] : 0x00,	 data[1] : 0x00
14:07:03.785 > readRegister !!
14:07:03.787 > send, data[0] : 0x81,	 data[1] : 0x00
14:07:03.791 > recv, data[0] : 0x00,	 data[1] : 0x00
14:07:03.843 > readRegister !!
14:07:03.844 > send, data[0] : 0x81,	 data[1] : 0x00
14:07:03.847 > recv, data[0] : 0x00,	 data[1] : 0x00
14:07:03.900 > readRegister !!
14:07:03.901 > send, data[0] : 0x81,	 data[1] : 0x00
14:07:03.906 > recv, data[0] : 0x00,	 data[1] : 0x00
14:07:03.957 > readRegister !!
14:07:03.959 > send, data[0] : 0x81,	 data[1] : 0x00
14:07:03.962 > recv, data[0] : 0x00,	 data[1] : 0x00
14:07:04.015 > readRegister !!
14:07:04.016 > send, data[0] : 0x81,	 data[1] : 0x00
14:07:04.019 > recv, data[0] : 0x00,	 data[1] : 0x00
14:07:04.072 > readRegister !!
14:07:04.073 > send, data[0] : 0x81,	 data[1] : 0x00
14:07:04.076 > recv, data[0] : 0x00,	 data[1] : 0x00
14:07:04.129 > readRegister !!
14:07:04.131 > send, data[0] : 0x81,	 data[1] : 0x00
14:07:04.134 > recv, data[0] : 0x00,	 data[1] : 0x00
14:07:04.186 > readRegister !!
14:07:04.188 > send, data[0] : 0x81,	 data[1] : 0x00
14:07:04.191 > recv, data[0] : 0x00,	 data[1] : 0x00
14:07:04.244 > pData[ 0] : 0x00
14:07:04.245 > pData[ 1] : 0x00
14:07:04.247 > pData[ 2] : 0x00
14:07:04.248 > pData[ 3] : 0x00
14:07:04.250 > pData[ 4] : 0x00
14:07:04.251 > pData[ 5] : 0x00
14:07:04.253 > pData[ 6] : 0x00
14:07:04.254 > pData[ 7] : 0x00
14:07:04.256 > pData[ 8] : 0x00
14:07:04.257 > pData[ 9] : 0x00
14:07:04.259 > pData[10] : 0x00
14:07:04.261 > pData[11] : 0x00
14:07:04.262 > pData[12] : 0x00
14:07:04.264 > pData[13] : 0x00
14:07:04.265 > pData[14] : 0x00
14:07:04.267 > pData[15] : 0x00
14:07:04.268 > pData[16] : 0x00
14:07:04.270 > pData[17] : 0x00
14:07:04.271 > pData[18] : 0x00
14:07:04.273 > pData[19] : 0x00
14:07:04.274 > 
14:07:04.274 > Serial_Write, buf : Messung
14:07:04.277 > Serial_Write, buf : 0
14:07:04.377 > send, data[0] : 0x01,	 data[1] : 0x14
14:07:04.380 > recv, data[0] : 0x00,	 data[1] : 0x00
14:07:04.432 > send, data[0] : 0x01,	 data[1] : 0x02
14:07:04.436 > recv, data[0] : 0x00,	 data[1] : 0x00
14:07:04.488 > send, data[0] : 0x01,	 data[1] : 0x80
14:07:04.491 > recv, data[0] : 0x00,	 data[1] : 0x00
14:07:04.543 > send, data[0] : 0x01,	 data[1] : 0xad
14:07:04.546 > recv, data[0] : 0x00,	 data[1] : 0x00
14:07:04.598 > send, data[0] : 0x07,	 data[1] : 0x01
14:07:04.601 > recv, data[0] : 0x00,	 data[1] : 0x00
14:07:04.663 > readRegister !!
14:07:04.665 > send, data[0] : 0x81,	 data[1] : 0x00
14:07:04.668 > recv, data[0] : 0x00,	 data[1] : 0x00
14:07:04.721 > read_cnt from SDO : 0
14:07:04.723 > readRegister !!
14:07:04.724 > send, data[0] : 0x81,	 data[1] : 0x00
14:07:04.727 > recv, data[0] : 0x00,	 data[1] : 0x00
14:07:04.780 > readRegister !!
14:07:04.781 > send, data[0] : 0x81,	 data[1] : 0x00
14:07:04.785 > recv, data[0] : 0x00,	 data[1] : 0x00
14:07:04.837 > readRegister !!
14:07:04.839 > send, data[0] : 0x81,	 data[1] : 0x00
14:07:04.842 > recv, data[0] : 0x00,	 data[1] : 0x00
14:07:04.894 > readRegister !!
14:07:04.896 > send, data[0] : 0x81,	 data[1] : 0x00
14:07:04.899 > recv, data[0] : 0x00,	 data[1] : 0x00
14:07:04.952 > readRegister !!
14:07:04.953 > send, data[0] : 0x81,	 data[1] : 0x00
14:07:04.956 > recv, data[0] : 0x00,	 data[1] : 0x00
14:07:05.009 > readRegister !!
14:07:05.010 > send, data[0] : 0x81,	 data[1] : 0x00
14:07:05.014 > recv, data[0] : 0x00,	 data[1] : 0x00
14:07:05.066 > readRegister !!
14:07:05.068 > send, data[0] : 0x81,	 data[1] : 0x00
14:07:05.071 > recv, data[0] : 0x00,	 data[1] : 0x00
14:07:05.124 > readRegister !!
14:07:05.125 > send, data[0] : 0x81,	 data[1] : 0x00
14:07:05.128 > recv, data[0] : 0x00,	 data[1] : 0x00
14:07:05.181 > readRegister !!
14:07:05.182 > send, data[0] : 0x81,	 data[1] : 0x00
14:07:05.186 > recv, data[0] : 0x00,	 data[1] : 0x00
14:07:05.238 > readRegister !!
14:07:05.239 > send, data[0] : 0x81,	 data[1] : 0x00
14:07:05.243 > recv, data[0] : 0x00,	 data[1] : 0x00
14:07:05.295 > readRegister !!
14:07:05.297 > send, data[0] : 0x81,	 data[1] : 0x00
14:07:05.300 > recv, data[0] : 0x00,	 data[1] : 0x00
14:07:05.353 > readRegister !!
14:07:05.354 > send, data[0] : 0x81,	 data[1] : 0x00
14:07:05.358 > recv, data[0] : 0x00,	 data[1] : 0x00
14:07:05.410 > readRegister !!
14:07:05.411 > send, data[0] : 0x81,	 data[1] : 0x00
14:07:05.415 > recv, data[0] : 0x00,	 data[1] : 0x00
14:07:05.467 > readRegister !!
14:07:05.469 > send, data[0] : 0x81,	 data[1] : 0x00
14:07:05.472 > recv, data[0] : 0x00,	 data[1] : 0x00
14:07:05.524 > readRegister !!
14:07:05.526 > send, data[0] : 0x81,	 data[1] : 0x00
14:07:05.529 > recv, data[0] : 0x00,	 data[1] : 0x00
14:07:05.582 > readRegister !!
14:07:05.583 > send, data[0] : 0x81,	 data[1] : 0x00
14:07:05.586 > recv, data[0] : 0x00,	 data[1] : 0x00
14:07:05.639 > readRegister !!
14:07:05.640 > send, data[0] : 0x81,	 data[1] : 0x00
14:07:05.644 > recv, data[0] : 0x00,	 data[1] : 0x00
14:07:05.696 > readRegister !!
14:07:05.699 > send, data[0] : 0x81,	 data[1] : 0x00
14:07:05.701 > recv, data[0] : 0x00,	 data[1] : 0x00
14:07:05.753 > readRegister !!
14:07:05.755 > send, data[0] : 0x81,	 data[1] : 0x00
14:07:05.758 > recv, data[0] : 0x00,	 data[1] : 0x00
14:07:05.811 > readRegister !!
14:07:05.812 > send, data[0] : 0x81,	 data[1] : 0x00
14:07:05.816 > recv, data[0] : 0x00,	 data[1] : 0x00
14:07:05.868 > pData[ 0] : 0x00
14:07:05.870 > pData[ 1] : 0x00
14:07:05.871 > pData[ 2] : 0x00
14:07:05.873 > pData[ 3] : 0x00
14:07:05.874 > pData[ 4] : 0x00
14:07:05.876 > pData[ 5] : 0x00
14:07:05.877 > pData[ 6] : 0x00
14:07:05.879 > pData[ 7] : 0x00
14:07:05.880 > pData[ 8] : 0x00
14:07:05.882 > pData[ 9] : 0x00
14:07:05.883 > pData[10] : 0x00
14:07:05.885 > pData[11] : 0x00
14:07:05.886 > pData[12] : 0x00
14:07:05.888 > pData[13] : 0x00
14:07:05.890 > pData[14] : 0x00
14:07:05.891 > pData[15] : 0x00
14:07:05.893 > pData[16] : 0x00
14:07:05.894 > pData[17] : 0x00
14:07:05.896 > pData[18] : 0x00
14:07:05.897 > pData[19] : 0x00
14:07:05.899 > 
14:07:05.899 > Serial_Write, buf : Messung
14:07:05.901 > Serial_Write, buf : 0
14:07:06.001 > send, data[0] : 0x01,	 data[1] : 0x14
14:07:06.006 > recv, data[0] : 0x00,	 data[1] : 0x00
14:07:06.057 > send, data[0] : 0x01,	 data[1] : 0x02
14:07:06.061 > recv, data[0] : 0x00,	 data[1] : 0x00
14:07:06.112 > send, data[0] : 0x01,	 data[1] : 0x80
14:07:06.115 > recv, data[0] : 0x00,	 data[1] : 0x00
14:07:06.167 > send, data[0] : 0x01,	 data[1] : 0xad
14:07:06.170 > recv, data[0] : 0x00,	 data[1] : 0x00
14:07:06.223 > send, data[0] : 0x07,	 data[1] : 0x01
14:07:06.226 > recv, data[0] : 0x00,	 data[1] : 0x00
14:07:06.288 > readRegister !!
14:07:06.289 > send, data[0] : 0x81,	 data[1] : 0x00
14:07:06.292 > recv, data[0] : 0x00,	 data[1] : 0x00
14:07:06.345 > read_cnt from SDO : 0
14:07:06.347 > readRegister !!
14:07:06.348 > send, data[0] : 0x81,	 data[1] : 0x00
14:07:06.352 > recv, data[0] : 0x00,	 data[1] : 0x00
14:07:06.404 > readRegister !!
14:07:06.406 > send, data[0] : 0x81,	 data[1] : 0x00
14:07:06.409 > recv, data[0] : 0x00,	 data[1] : 0x00
14:07:06.461 > readRegister !!
14:07:06.463 > send, data[0] : 0x81,	 data[1] : 0x00
14:07:06.466 > recv, data[0] : 0x00,	 data[1] : 0x00
14:07:06.519 > readRegister !!
14:07:06.520 > send, data[0] : 0x81,	 data[1] : 0x00
14:07:06.523 > recv, data[0] : 0x00,	 data[1] : 0x00
14:07:06.576 > readRegister !!
14:07:06.577 > send, data[0] : 0x81,	 data[1] : 0x00
14:07:06.581 > recv, data[0] : 0x00,	 data[1] : 0x00
14:07:06.633 > readRegister !!
14:07:06.635 > send, data[0] : 0x81,	 data[1] : 0x00
14:07:06.638 > recv, data[0] : 0x00,	 data[1] : 0x00
14:07:06.690 > readRegister !!
14:07:06.692 > send, data[0] : 0x81,	 data[1] : 0x00
14:07:06.695 > recv, data[0] : 0x00,	 data[1] : 0x00
14:07:06.748 > readRegister !!
14:07:06.749 > send, data[0] : 0x81,	 data[1] : 0x00
14:07:06.752 > recv, data[0] : 0x00,	 data[1] : 0x00
14:07:06.805 > readRegister !!
14:07:06.806 > send, data[0] : 0x81,	 data[1] : 0x00
14:07:06.810 > recv, data[0] : 0x00,	 data[1] : 0x00
14:07:06.862 > readRegister !!
14:07:06.864 > send, data[0] : 0x81,	 data[1] : 0x00
14:07:06.867 > recv, data[0] : 0x00,	 data[1] : 0x00
14:07:06.920 > readRegister !!
14:07:06.921 > send, data[0] : 0x81,	 data[1] : 0x00
14:07:06.924 > recv, data[0] : 0x00,	 data[1] : 0x00
14:07:06.977 > readRegister !!
14:07:06.979 > send, data[0] : 0x81,	 data[1] : 0x00
14:07:06.982 > recv, data[0] : 0x00,	 data[1] : 0x00
14:07:07.034 > readRegister !!
14:07:07.036 > send, data[0] : 0x81,	 data[1] : 0x00
14:07:07.039 > recv, data[0] : 0x00,	 data[1] : 0x00
14:07:07.091 > readRegister !!
14:07:07.093 > send, data[0] : 0x81,	 data[1] : 0x00
14:07:07.097 > recv, data[0] : 0x00,	 data[1] : 0x00
14:07:07.149 > readRegister !!
14:07:07.150 > send, data[0] : 0x81,	 data[1] : 0x00
14:07:07.153 > recv, data[0] : 0x00,	 data[1] : 0x00
14:07:07.206 > readRegister !!
14:07:07.207 > send, data[0] : 0x81,	 data[1] : 0x00
14:07:07.211 > recv, data[0] : 0x00,	 data[1] : 0x00
14:07:07.263 > readRegister !!
14:07:07.266 > send, data[0] : 0x81,	 data[1] : 0x00
14:07:07.268 > recv, data[0] : 0x00,	 data[1] : 0x00
14:07:07.320 > readRegister !!
14:07:07.322 > send, data[0] : 0x81,	 data[1] : 0x00
14:07:07.325 > recv, data[0] : 0x00,	 data[1] : 0x00
14:07:07.378 > readRegister !!
14:07:07.380 > send, data[0] : 0x81,	 data[1] : 0x00
14:07:07.383 > recv, data[0] : 0x00,	 data[1] : 0x00
14:07:07.435 > readRegister !!
14:07:07.436 > send, data[0] : 0x81,	 data[1] : 0x00
14:07:07.440 > recv, data[0] : 0x00,	 data[1] : 0x00
14:07:07.492 > pData[ 0] : 0x00
14:07:07.494 > pData[ 1] : 0x00
14:07:07.495 > pData[ 2] : 0x00
14:07:07.497 > pData[ 3] : 0x00
14:07:07.498 > pData[ 4] : 0x00
14:07:07.500 > pData[ 5] : 0x00
14:07:07.502 > pData[ 6] : 0x00
14:07:07.503 > pData[ 7] : 0x00
14:07:07.505 > pData[ 8] : 0x00
14:07:07.506 > pData[ 9] : 0x00
14:07:07.508 > pData[10] : 0x00
14:07:07.509 > pData[11] : 0x00
14:07:07.511 > pData[12] : 0x00
14:07:07.512 > pData[13] : 0x00
14:07:07.514 > pData[14] : 0x00
14:07:07.515 > pData[15] : 0x00
14:07:07.517 > pData[16] : 0x00
14:07:07.518 > pData[17] : 0x00
14:07:07.520 > pData[18] : 0x00
14:07:07.522 > pData[19] : 0x00
14:07:07.523 > 
14:07:07.523 > Serial_Write, buf : Messung
14:07:07.526 > Serial_Write, buf : 0
14:07:07.626 > send, data[0] : 0x01,	 data[1] : 0x14
14:07:07.629 > recv, data[0] : 0x00,	 data[1] : 0x00
14:07:07.681 > send, data[0] : 0x01,	 data[1] : 0x02
14:07:07.684 > recv, data[0] : 0x00,	 data[1] : 0x00
14:07:07.736 > send, data[0] : 0x01,	 data[1] : 0x80
14:07:07.740 > recv, data[0] : 0x00,	 data[1] : 0x00
14:07:07.792 > send, data[0] : 0x01,	 data[1] : 0xad
14:07:07.795 > recv, data[0] : 0x00,	 data[1] : 0x00
14:07:07.847 > send, data[0] : 0x07,	 data[1] : 0x01
14:07:07.850 > recv, data[0] : 0x00,	 data[1] : 0x00
14:07:07.912 > readRegister !!
14:07:07.914 > send, data[0] : 0x81,	 data[1] : 0x00
14:07:07.917 > recv, data[0] : 0x00,	 data[1] : 0x00
14:07:07.969 > read_cnt from SDO : 0
14:07:07.971 > readRegister !!
14:07:07.973 > send, data[0] : 0x81,	 data[1] : 0x00
14:07:07.976 > recv, data[0] : 0x00,	 data[1] : 0x00
14:07:08.029 > readRegister !!
14:07:08.031 > send, data[0] : 0x81,	 data[1] : 0x00
14:07:08.033 > recv, data[0] : 0x00,	 data[1] : 0x00
14:07:08.086 > readRegister !!
14:07:08.087 > send, data[0] : 0x81,	 data[1] : 0x00
14:07:08.091 > recv, data[0] : 0x00,	 data[1] : 0x00
14:07:08.143 > readRegister !!
14:07:08.145 > send, data[0] : 0x81,	 data[1] : 0x00
14:07:08.148 > recv, data[0] : 0x00,	 data[1] : 0x00
14:07:08.200 > readRegister !!
14:07:08.202 > send, data[0] : 0x81,	 data[1] : 0x00
14:07:08.205 > recv, data[0] : 0x00,	 data[1] : 0x00
14:07:08.258 > readRegister !!
14:07:08.259 > send, data[0] : 0x81,	 data[1] : 0x00
14:07:08.263 > recv, data[0] : 0x00,	 data[1] : 0x00
14:07:08.315 > readRegister !!
14:07:08.316 > send, data[0] : 0x81,	 data[1] : 0x00
14:07:08.320 > recv, data[0] : 0x00,	 data[1] : 0x00
14:07:08.372 > readRegister !!
14:07:08.374 > send, data[0] : 0x81,	 data[1] : 0x00
14:07:08.378 > recv, data[0] : 0x00,	 data[1] : 0x00
14:07:08.430 > readRegister !!
14:07:08.431 > send, data[0] : 0x81,	 data[1] : 0x00
14:07:08.434 > recv, data[0] : 0x00,	 data[1] : 0x00
14:07:08.487 > readRegister !!
14:07:08.488 > send, data[0] : 0x81,	 data[1] : 0x00
14:07:08.492 > recv, data[0] : 0x00,	 data[1] : 0x00
14:07:08.544 > readRegister !!
14:07:08.546 > send, data[0] : 0x81,	 data[1] : 0x00
14:07:08.549 > recv, data[0] : 0x00,	 data[1] : 0x00
14:07:08.601 > readRegister !!
14:07:08.603 > send, data[0] : 0x81,	 data[1] : 0x00
14:07:08.606 > recv, data[0] : 0x00,	 data[1] : 0x00
14:07:08.659 > readRegister !!
14:07:08.660 > send, data[0] : 0x81,	 data[1] : 0x00
14:07:08.663 > recv, data[0] : 0x00,	 data[1] : 0x00
14:07:08.716 > readRegister !!
14:07:08.717 > send, data[0] : 0x81,	 data[1] : 0x00
14:07:08.721 > recv, data[0] : 0x00,	 data[1] : 0x00
14:07:08.773 > readRegister !!
14:07:08.775 > send, data[0] : 0x81,	 data[1] : 0x00
14:07:08.778 > recv, data[0] : 0x00,	 data[1] : 0x00
14:07:08.831 > readRegister !!
14:07:08.832 > send, data[0] : 0x81,	 data[1] : 0x00
14:07:08.835 > recv, data[0] : 0x00,	 data[1] : 0x00
14:07:08.888 > readRegister !!
14:07:08.889 > send, data[0] : 0x81,	 data[1] : 0x00
14:07:08.893 > recv, data[0] : 0x00,	 data[1] : 0x00
14:07:08.945 > readRegister !!
14:07:08.947 > send, data[0] : 0x81,	 data[1] : 0x00
14:07:08.950 > recv, data[0] : 0x00,	 data[1] : 0x00
14:07:09.002 > readRegister !!
14:07:09.004 > send, data[0] : 0x81,	 data[1] : 0x00
14:07:09.007 > recv, data[0] : 0x00,	 data[1] : 0x00
14:07:09.060 > readRegister !!
14:07:09.061 > send, data[0] : 0x81,	 data[1] : 0x00
14:07:09.064 > recv, data[0] : 0x00,	 data[1] : 0x00
14:07:09.117 > pData[ 0] : 0x00
14:07:09.119 > pData[ 1] : 0x00
14:07:09.120 > pData[ 2] : 0x00
14:07:09.122 > pData[ 3] : 0x00
14:07:09.123 > pData[ 4] : 0x00
14:07:09.125 > pData[ 5] : 0x00
14:07:09.126 > pData[ 6] : 0x00
14:07:09.128 > pData[ 7] : 0x00
14:07:09.129 > pData[ 8] : 0x00
14:07:09.131 > pData[ 9] : 0x00
14:07:09.132 > pData[10] : 0x00
14:07:09.134 > pData[11] : 0x00
14:07:09.135 > pData[12] : 0x00
14:07:09.137 > pData[13] : 0x00
14:07:09.139 > pData[14] : 0x00
14:07:09.140 > pData[15] : 0x00
14:07:09.142 > pData[16] : 0x00
14:07:09.143 > pData[17] : 0x00
14:07:09.145 > pData[18] : 0x00
14:07:09.146 > pData[19] : 0x00
14:07:09.148 > 
14:07:09.148 > Serial_Write, buf : Messung
14:07:09.150 > Serial_Write, buf : 0
14:07:09.252 > : 00xa ,e00r8cddd,R]ra1
14:07:10.060 > t,][e0[00350x0x0pDausd 0s0t 1iread_cnt from SDO : 0
14:07:11.220 > readRegister !!
14:07:11.222 > send, data[0] : 0x81,	 data[1] : 0x00
14:07:11.225 > recv, data[0] : 0x00,	 data[1] : 0x00
14:07:11.278 > readRegister !!
14:07:11.279 > send, data[0] : 0x81,	 data[1] : 0x00
14:07:11.282 > recv, data[0] : 0x00,	 data[1] : 0x00
14:07:11.335 > readRegister !!
14:07:11.336 > send, data[0] : 0x81,	 data[1] : 0x00
14:07:11.339 > recv, data[0] : 0x00,	 data[1] : 0x00
14:07:11.392 > readRegister !!
14:07:11.393 > send, data[0] : 0x81,	 data[1] : 0x00
14:07:11.397 > recv, data[0] : 0x00,	 data[1] : 0x00
14:07:11.449 > readRegister !!
14:07:11.451 > send, data[0] : 0x81,	 data[1] : 0x00
14:07:11.454 > recv, data[0] : 0x00,	 data[1] : 0x00
14:07:11.507 > readRegister !!
14:07:11.508 > send, data[0] : 0x81,	 data[1] : 0x00
14:07:11.511 > recv, data[0] : 0x00,	 data[1] : 0x00
14:07:11.564 > readRegister !!
14:07:11.565 > send, data[0] : 0x81,	 data[1] : 0x00
14:07:11.569 > recv, data[0] : 0x00,	 data[1] : 0x00
14:07:11.621 > readRegister !!
14:07:11.622 > send, data[0] : 0x81,	 data[1] : 0x00
14:07:11.626 > recv, data[0] : 0x00,	 data[1] : 0x00
14:07:11.678 > readRegister !!
14:07:11.680 > send, data[0] : 0x81,	 data[1] : 0x00
14:07:11.683 > recv, data[0] : 0x00,	 data[1] : 0x00
14:07:11.736 > readRegister !!
14:07:11.737 > send, data[0] : 0x81,	 data[1] : 0x00
14:07:11.740 > recv, data[0] : 0x00,	 data[1] : 0x00
14:07:11.793 > readRegister !!
14:07:11.794 > send, data[0] : 0x81,	 data[1] : 0x00
14:07:11.798 > recv, data[0] : 0x00,	 data[1] : 0x00
14:07:11.850 > readRegister !!
14:07:11.852 > send, data[0] : 0x81,	 data[1] : 0x00
14:07:11.855 > recv, data[0] : 0x00,	 data[1] : 0x00
14:07:11.907 > readRegister !!
14:07:11.909 > send, data[0] : 0x81,	 data[1] : 0x00
14:07:11.912 > recv, data[0] : 0x00,	 data[1] : 0x00
14:07:11.965 > readRegister !!
14:07:11.966 > send, data[0] : 0x81,	 data[1] : 0x00
14:07:11.970 > recv, data[0] : 0x00,	 data[1] : 0x00
14:07:12.022 > readRegister !!
14:07:12.023 > send, data[0] : 0x81,	 data[1] : 0x00
14:07:12.027 > recv, data[0] : 0x00,	 data[1] : 0x00
14:07:12.079 > readRegister !!
14:07:12.081 > send, data[0] : 0x81,	 data[1] : 0x00
14:07:12.084 > recv, data[0] : 0x00,	 data[1] : 0x00
14:07:12.137 > readRegister !!
14:07:12.138 > send, data[0] : 0x81,	 data[1] : 0x00
14:07:12.141 > recv, data[0] : 0x00,	 data[1] : 0x00
14:07:12.194 > readRegister !!
14:07:12.195 > send, data[0] : 0x81,	 data[1] : 0x00
14:07:12.199 > recv, data[0] : 0x00,	 data[1] : 0x00
14:07:12.251 > readRegister !!
14:07:12.252 > send, data[0] : 0x81,	 data[1] : 0x00
14:07:12.256 > recv, data[0] : 0x00,	 data[1] : 0x00
14:07:12.308 > readRegister !!
14:07:12.310 > send, data[0] : 0x81,	 data[1] : 0x00
14:07:12.313 > recv, data[0] : 0x00,	 data[1] : 0x00
14:07:12.366 > pData[ 0] : 0x00
14:07:12.367 > pData[ 1] : 0x00
14:07:12.369 > pData[ 2] : 0x00
14:07:12.370 > pData[ 3] : 0x00
14:07:12.372 > pData[ 4] : 0x00
14:07:12.373 > pData[ 5] : 0x00
14:07:12.375 > pData[ 6] : 0x00
14:07:12.376 > pData[ 7] : 0x00
14:07:12.378 > pData[ 8] : 0x00
14:07:12.379 > pData[ 9] : 0x00
14:07:12.381 > pData[10] : 0x00
14:07:12.383 > pData[11] : 0x00
14:07:12.384 > pData[12] : 0x00
14:07:12.386 > pData[13] : 0x00
14:07:12.387 > pData[14] : 0x00
14:07:12.389 > pData[15] : 0x00
14:07:12.390 > pData[16] : 0x00
14:07:12.392 > pData[17] : 0x00
14:07:12.393 > pData[18] : 0x00
14:07:12.395 > pData[19] : 0x00
14:07:12.396 > 
14:07:12.397 > Serial_Write, buf : Messung
14:07:12.399 > Serial_Write, buf : 0
14:07:12.499 > send, data[0] : 0x01,	 data[1] : 0x14
14:07:12.502 > recv, data[0] : 0x00,	 data[1] : 0x00
14:07:12.554 > send, data[0] : 0x01,	 data[1] : 0x02
14:07:12.557 > recv, data[0] : 0x00,	 data[1] : 0x00
14:07:12.610 > send, data[0] : 0x01,	 data[1] : 0x80
14:07:12.614 > recv, data[0] : 0x00,	 data[1] : 0x00
14:07:12.665 > send, data[0] : 0x01,	 data[1] : 0xad
14:07:12.668 > recv, data[0] : 0x00,	 data[1] : 0x00
14:07:12.720 > send, data[0] : 0x07,	 data[1] : 0x01
14:07:12.723 > recv, data[0] : 0x00,	 data[1] : 0x00
14:07:12.785 > readRegister !!
14:07:12.787 > send, data[0] : 0x81,	 data[1] : 0x00
14:07:12.790 > recv, data[0] : 0x00,	 data[1] : 0x00
14:07:12.843 > read_cnt from SDO : 0
14:07:12.845 > readRegister !!
14:07:12.846 > send, data[0] : 0x81,	 data[1] : 0x00
14:07:12.849 > recv, data[0] : 0x00,	 data[1] : 0x00
14:07:12.902 > readRegister !!
14:07:12.903 > send, data[0] : 0x81,	 data[1] : 0x00
14:07:12.907 > recv, data[0] : 0x00,	 data[1] : 0x00
14:07:12.959 > readRegister !!
14:07:12.961 > send, data[0] : 0x81,	 data[1] : 0x00
14:07:12.964 > recv, data[0] : 0x00,	 data[1] : 0x00
14:07:13.016 > readRegister !!
14:07:13.018 > send, data[0] : 0x81,	 data[1] : 0x00
14:07:13.021 > recv, data[0] : 0x00,	 data[1] : 0x00
14:07:13.074 > readRegister !!
14:07:13.075 > send, data[0] : 0x81,	 data[1] : 0x00
14:07:13.078 > recv, data[0] : 0x00,	 data[1] : 0x00
14:07:13.131 > readRegister !!
14:07:13.132 > send, data[0] : 0x81,	 data[1] : 0x00
14:07:13.136 > recv, data[0] : 0x00,	 data[1] : 0x00
14:07:13.188 > readRegister !!
14:07:13.190 > send, data[0] : 0x81,	 data[1] : 0x00
14:07:13.193 > recv, data[0] : 0x00,	 data[1] : 0x00
14:07:13.246 > readRegister !!
14:07:13.247 > send, data[0] : 0x81,	 data[1] : 0x00
14:07:13.250 > recv, data[0] : 0x00,	 data[1] : 0x00
14:07:13.303 > readRegister !!
14:07:13.304 > send, data[0] : 0x81,	 data[1] : 0x00
14:07:13.308 > recv, data[0] : 0x00,	 data[1] : 0x00
14:07:13.360 > readRegister !!
14:07:13.361 > send, data[0] : 0x81,	 data[1] : 0x00
14:07:13.365 > recv, data[0] : 0x00,	 data[1] : 0x00
14:07:13.417 > readRegister !!
14:07:13.419 > send, data[0] : 0x81,	 data[1] : 0x00
14:07:13.422 > recv, data[0] : 0x00,	 data[1] : 0x00
14:07:13.475 > readRegister !!
14:07:13.476 > send, data[0] : 0x81,	 data[1] : 0x00
14:07:13.479 > recv, data[0] : 0x00,	 data[1] : 0x00
14:07:13.532 > readRegister !!
14:07:13.533 > send, data[0] : 0x81,	 data[1] : 0x00
14:07:13.537 > recv, data[0] : 0x00,	 data[1] : 0x00
14:07:13.589 > readRegister !!
14:07:13.591 > send, data[0] : 0x81,	 data[1] : 0x00
14:07:13.594 > recv, data[0] : 0x00,	 data[1] : 0x00
14:07:13.647 > readRegister !!
14:07:13.648 > send, data[0] : 0x81,	 data[1] : 0x00
14:07:13.651 > recv, data[0] : 0x00,	 data[1] : 0x00
14:07:13.704 > readRegister !!
14:07:13.705 > send, data[0] : 0x81,	 data[1] : 0x00
14:07:13.709 > recv, data[0] : 0x00,	 data[1] : 0x00
14:07:13.761 > readRegister !!
14:07:13.763 > send, data[0] : 0x81,	 data[1] : 0x00
14:07:13.766 > recv, data[0] : 0x00,	 data[1] : 0x00
14:07:13.818 > readRegister !!
14:07:13.820 > send, data[0] : 0x81,	 data[1] : 0x00
14:07:13.823 > recv, data[0] : 0x00,	 data[1] : 0x00
14:07:13.876 > readRegister !!
14:07:13.877 > send, data[0] : 0x81,	 data[1] : 0x00
14:07:13.881 > recv, data[0] : 0x00,	 data[1] : 0x00
14:07:13.933 > readRegister !!
14:07:13.934 > send, data[0] : 0x81,	 data[1] : 0x00
14:07:13.938 > recv, data[0] : 0x00,	 data[1] : 0x00
14:07:13.990 > pData[ 0] : 0x00
14:07:13.992 > pData[ 1] : 0x00
14:07:13.993 > pData[ 2] : 0x00
14:07:13.995 > pData[ 3] : 0x00
14:07:13.996 > pData[ 4] : 0x00
14:07:13.998 > pData[ 5] : 0x00
14:07:14.000 > pData[ 6] : 0x00
14:07:14.001 > pData[ 7] : 0x00
14:07:14.003 > pData[ 8] : 0x00
14:07:14.004 > pData[ 9] : 0x00
14:07:14.006 > pData[10] : 0x00
14:07:14.007 > pData[11] : 0x00
14:07:14.009 > pData[12] : 0x00
14:07:14.010 > pData[13] : 0x00
14:07:14.012 > pData[14] : 0x00
14:07:14.013 > pData[15] : 0x00
14:07:14.015 > pData[16] : 0x00
14:07:14.016 > pData[17] : 0x00
14:07:14.018 > pData[18] : 0x00
14:07:14.019 > pData[19] : 0x00
14:07:14.021 > 
14:07:14.021 > Serial_Write, buf : Messung
14:07:14.024 > Serial_Write, buf : 0
14:07:14.124 > send, data[0] : 0x01,	 data[1] : 0x14
14:07:14.127 > recv, data[0] : 0x00,	 data[1] : 0x00
14:07:14.179 > send, data[0] : 0x01,	 data[1] : 0x02
14:07:14.182 > recv, data[0] : 0x00,	 data[1] : 0x00
14:07:14.234 > send, data[0] : 0x01,	 data[1] : 0x80
14:07:14.238 > recv, data[0] : 0x00,	 data[1] : 0x00
14:07:14.290 > send, data[0] : 0x01,	 data[1] : 0xad
14:07:14.293 > recv, data[0] : 0x00,	 data[1] : 0x00
14:07:14.345 > send, data[0] : 0x07,	 data[1] : 0x01
14:07:14.348 > recv, data[0] : 0x00,	 data[1] : 0x00
14:07:14.410 > readRegister !!
14:07:14.411 > send, data[0] : 0x81,	 data[1] : 0x00
14:07:14.415 > recv, data[0] : 0x00,	 data[1] : 0x00
14:07:14.467 > read_cnt from SDO : 0
14:07:14.469 > readRegister !!
14:07:14.471 > send, data[0] : 0x81,	 data[1] : 0x00
14:07:14.474 > recv, data[0] : 0x00,	 data[1] : 0x00
14:07:14.527 > readRegister !!
14:07:14.528 > send, data[0] : 0x81,	 data[1] : 0x00
14:07:14.531 > recv, data[0] : 0x00,	 data[1] : 0x00
14:07:14.584 > readRegister !!
14:07:14.585 > send, data[0] : 0x81,	 data[1] : 0x00
14:07:14.589 > recv, data[0] : 0x00,	 data[1] : 0x00
14:07:14.641 > readRegister !!
14:07:14.643 > send, data[0] : 0x81,	 data[1] : 0x00
14:07:14.646 > recv, data[0] : 0x00,	 data[1] : 0x00
14:07:14.698 > readRegister !!
14:07:14.700 > send, data[0] : 0x81,	 data[1] : 0x00
14:07:14.703 > recv, data[0] : 0x00,	 data[1] : 0x00
14:07:14.756 > readRegister !!
14:07:14.757 > send, data[0] : 0x81,	 data[1] : 0x00
14:07:14.761 > recv, data[0] : 0x00,	 data[1] : 0x00
14:07:14.813 > readRegister !!
14:07:14.814 > send, data[0] : 0x81,	 data[1] : 0x00
14:07:14.818 > recv, data[0] : 0x00,	 data[1] : 0x00
14:07:14.870 > readRegister !!
14:07:14.872 > send, data[0] : 0x81,	 data[1] : 0x00
14:07:14.875 > recv, data[0] : 0x00,	 data[1] : 0x00
14:07:14.928 > readRegister !!
14:07:14.929 > send, data[0] : 0x81,	 data[1] : 0x00
14:07:14.932 > recv, data[0] : 0x00,	 data[1] : 0x00
14:07:14.985 > readRegister !!
14:07:14.986 > send, data[0] : 0x81,	 data[1] : 0x00
14:07:14.990 > recv, data[0] : 0x00,	 data[1] : 0x00
14:07:15.042 > readRegister !!
14:07:15.043 > send, data[0] : 0x81,	 data[1] : 0x00
14:07:15.047 > recv, data[0] : 0x00,	 data[1] : 0x00
14:07:15.099 > readRegister !!
14:07:15.101 > send, data[0] : 0x81,	 data[1] : 0x00
14:07:15.104 > recv, data[0] : 0x00,	 data[1] : 0x00
14:07:15.157 > readRegister !!
14:07:15.158 > send, data[0] : 0x81,	 data[1] : 0x00
14:07:15.161 > recv, data[0] : 0x00,	 data[1] : 0x00
14:07:15.214 > readRegister !!
14:07:15.215 > send, data[0] : 0x81,	 data[1] : 0x00
14:07:15.219 > recv, data[0] : 0x00,	 data[1] : 0x00
14:07:15.271 > readRegister !!
14:07:15.273 > send, data[0] : 0x81,	 data[1] : 0x00
14:07:15.276 > recv, data[0] : 0x00,	 data[1] : 0x00
14:07:15.328 > readRegister !!
14:07:15.330 > send, data[0] : 0x81,	 data[1] : 0x00
14:07:15.333 > recv, data[0] : 0x00,	 data[1] : 0x00
14:07:15.386 > readRegister !!
14:07:15.387 > send, data[0] : 0x81,	 data[1] : 0x00
14:07:15.390 > recv, data[0] : 0x00,	 data[1] : 0x00
14:07:15.443 > readRegister !!
14:07:15.444 > send, data[0] : 0x81,	 data[1] : 0x00
14:07:15.448 > recv, data[0] : 0x00,	 data[1] : 0x00
14:07:15.500 > readRegister !!
14:07:15.501 > send, data[0] : 0x81,	 data[1] : 0x00
14:07:15.505 > recv, data[0] : 0x00,	 data[1] : 0x00
14:07:15.557 > readRegister !!
14:07:15.559 > send, data[0] : 0x81,	 data[1] : 0x00
14:07:15.562 > recv, data[0] : 0x00,	 data[1] : 0x00
14:07:15.615 > pData[ 0] : 0x00
14:07:15.616 > pData[ 1] : 0x00
14:07:15.618 > pData[ 2] : 0x00
14:07:15.619 > pData[ 3] : 0x00
14:07:15.621 > pData[ 4] : 0x00
14:07:15.622 > pData[ 5] : 0x00
14:07:15.624 > pData[ 6] : 0x00
14:07:15.625 > pData[ 7] : 0x00
14:07:15.627 > pData[ 8] : 0x00
14:07:15.628 > pData[ 9] : 0x00
14:07:15.630 > pData[10] : 0x00
14:07:15.631 > pData[11] : 0x00
14:07:15.633 > pData[12] : 0x00
14:07:15.635 > pData[13] : 0x00
14:07:15.636 > pData[14] : 0x00
14:07:15.638 > pData[15] : 0x00
14:07:15.639 > pData[16] : 0x00
14:07:15.641 > pData[17] : 0x00
14:07:15.642 > pData[18] : 0x00
14:07:15.644 > pData[19] : 0x00
14:07:15.645 > 
14:07:15.646 > Serial_Write, buf : Messung
14:07:15.648 > Serial_Write, buf : 0
14:07:15.748 > send, data[0] : 0x01,	 data[1] : 0x14
14:07:15.751 > recv, data[0] : 0x00,	 data[1] : 0x00
14:07:15.803 > send, data[0] : 0x01,	 data[1] : 0x02
14:07:15.807 > recv, data[0] : 0x00,	 data[1] : 0x00
14:07:15.858 > send, data[0] : 0x01,	 data[1] : 0x80
14:07:15.862 > recv, data[0] : 0x00,	 data[1] : 0x00
14:07:15.914 > send, data[0] : 0x01,	 data[1] : 0xad
14:07:15.917 > recv, data[0] : 0x00,	 data[1] : 0x00
14:07:15.969 > send, data[0] : 0x07,	 data[1] : 0x01
14:07:15.972 > recv, data[0] : 0x00,	 data[1] : 0x00
14:07:16.034 > readRegister !!
14:07:16.048 > send, data[0] : 0x81,	 data[1] : 0x00
14:07:16.048 > recv, data[0] : 0x00,	 data[1] : 0x00
14:07:16.091 > read_cnt from SDO : 0
14:07:16.093 > readRegister !!
14:07:16.095 > send, data[0] : 0x81,	 data[1] : 0x00
14:07:16.098 > recv, data[0] : 0x00,	 data[1] : 0x00
14:07:16.151 > readRegister !!
14:07:16.152 > send, data[0] : 0x81,	 data[1] : 0x00
14:07:16.155 > recv, data[0] : 0x00,	 data[1] : 0x00
14:07:16.208 > readRegister !!
14:07:16.209 > send, data[0] : 0x81,	 data[1] : 0x00
14:07:16.213 > recv, data[0] : 0x00,	 data[1] : 0x00
14:07:16.265 > readRegister !!
14:07:16.267 > send, data[0] : 0x81,	 data[1] : 0x00
14:07:16.270 > recv, data[0] : 0x00,	 data[1] : 0x00
14:07:16.322 > readRegister !!
14:07:16.324 > send, data[0] : 0x81,	 data[1] : 0x00
14:07:16.327 > recv, data[0] : 0x00,	 data[1] : 0x00
14:07:16.380 > readRegister !!
14:07:16.381 > send, data[0] : 0x81,	 data[1] : 0x00
14:07:16.384 > recv, data[0] : 0x00,	 data[1] : 0x00
14:07:16.437 > readRegister !!
14:07:16.438 > send, data[0] : 0x81,	 data[1] : 0x00
14:07:16.442 > recv, data[0] : 0x00,	 data[1] : 0x00
14:07:16.494 > readRegister !!
14:07:16.496 > send, data[0] : 0x81,	 data[1] : 0x00
14:07:16.499 > recv, data[0] : 0x00,	 data[1] : 0x00
14:07:16.552 > readRegister !!
14:07:16.553 > send, data[0] : 0x81,	 data[1] : 0x00
14:07:16.556 > recv, data[0] : 0x00,	 data[1] : 0x00
14:07:16.609 > r